#
# There is insufficient memory for the Java Runtime Environment to continue.
# Native memory allocation (malloc) failed to allocate 2114096 bytes for Chunk::new
# Possible reasons:
#   The system is out of physical RAM or swap space
#   The process is running with CompressedOops enabled, and the Java Heap may be blocking the growth of the native heap
# Possible solutions:
#   Reduce memory load on the system
#   Increase physical memory or swap space
#   Check if swap backing store is full
#   Decrease Java heap size (-Xmx/-Xms)
#   Decrease number of Java threads
#   Decrease Java thread stack sizes (-Xss)
#   Set larger code cache with -XX:ReservedCodeCacheSize=
#   JVM is running with Unscaled Compressed Oops mode in which the Java heap is
#     placed in the first 4GB address space. The Java Heap base address is the
#     maximum limit for the native heap growth. Please use -XX:HeapBaseMinAddress
#     to set the Java Heap base and to place the Java Heap above 4GB virtual address.
# This output file may be truncated or incomplete.
#
#  Out of Memory Error (src/hotspot/share/memory/arena.cpp:197), pid=2040, tid=9120
#
# JRE version: OpenJDK Runtime Environment (11.0.15) (build 11.0.15+0-b2043.56-8887301)
# Java VM: OpenJDK 64-Bit Server VM (11.0.15+0-b2043.56-8887301, mixed mode, tiered, compressed oops, g1 gc, windows-amd64)
# No core dump will be written. Minidumps are not enabled by default on client versions of Windows
#

---------------  S U M M A R Y ------------

Command Line: --add-opens=java.base/java.util=ALL-UNNAMED --add-opens=java.base/java.lang=ALL-UNNAMED --add-opens=java.base/java.lang.invoke=ALL-UNNAMED --add-opens=java.base/java.util=ALL-UNNAMED --add-opens=java.prefs/java.util.prefs=ALL-UNNAMED --add-opens=java.prefs/java.util.prefs=ALL-UNNAMED --add-opens=java.base/java.nio.charset=ALL-UNNAMED --add-opens=java.base/java.net=ALL-UNNAMED --add-opens=java.base/java.util.concurrent.atomic=ALL-UNNAMED -Xmx2048m -Dfile.encoding=UTF-8 -Duser.country=ID -Duser.language=en -Duser.variant org.gradle.launcher.daemon.bootstrap.GradleDaemon 7.5

Host: AMD Athlon Silver 3050U with Radeon Graphics   , 2 cores, 9G,  Windows 10 , 64 bit Build 19041 (10.0.19041.2913)
Time: Fri Jun  2 22:25:50 2023 SE Asia Standard Time elapsed time: 7342.421011 seconds (0d 2h 2m 22s)

---------------  T H R E A D  ---------------

Current thread (0x0000025e4a6cc000):  JavaThread "C2 CompilerThread0" daemon [_thread_in_native, id=9120, stack(0x000000f926900000,0x000000f926a00000)]


Current CompileTask:
C2:7342421 30159       4       com.android.tools.r8.internal.uc::l (1053 bytes)

Stack: [0x000000f926900000,0x000000f926a00000]
Native frames: (J=compiled Java code, j=interpreted, Vv=VM code, C=native code)
V  [jvm.dll+0x64135a]
V  [jvm.dll+0x7d39f9]
V  [jvm.dll+0x7d51b9]
V  [jvm.dll+0x7d58a3]
V  [jvm.dll+0x2691c5]
V  [jvm.dll+0xc1a5c]
V  [jvm.dll+0xc200c]
V  [jvm.dll+0x377462]
V  [jvm.dll+0x342495]
V  [jvm.dll+0x34186a]
V  [jvm.dll+0x2214bd]
V  [jvm.dll+0x220498]
V  [jvm.dll+0x19e851]
V  [jvm.dll+0x230479]
V  [jvm.dll+0x22e5ef]
V  [jvm.dll+0x794de1]
V  [jvm.dll+0x78dc24]
V  [jvm.dll+0x6400f6]
C  [ucrtbase.dll+0x21bb2]
C  [KERNEL32.DLL+0x17614]
C  [ntdll.dll+0x526a1]


---------------  P R O C E S S  ---------------

Threads class SMR info:
_java_thread_list=0x0000025e58061d40, length=70, elements={
0x0000025e30552800, 0x0000025e49e4a800, 0x0000025e49e4c000, 0x0000025e4a6c4000,
0x0000025e4a6c6000, 0x0000025e4a6c7000, 0x0000025e4a6cc000, 0x0000025e4a710800,
0x0000025e49e7a000, 0x0000025e4a812800, 0x0000025e4be34800, 0x0000025e4c179000,
0x0000025e4bea0000, 0x0000025e4c8fe000, 0x0000025e4c8fd000, 0x0000025e4c8fc800,
0x0000025e4c8ff800, 0x0000025e4c8fe800, 0x0000025e4c900800, 0x0000025e4c901000,
0x0000025e4e9dd800, 0x0000025e4e9df800, 0x0000025e5072a000, 0x0000025e50725000,
0x0000025e50724000, 0x0000025e50725800, 0x0000025e50726800, 0x0000025e50723800,
0x0000025e5072d000, 0x0000025e50727800, 0x0000025e50728000, 0x0000025e50729000,
0x0000025e50730800, 0x0000025e5072b800, 0x0000025e5072e000, 0x0000025e50731000,
0x0000025e5072f800, 0x0000025e4e9e0000, 0x0000025e4e9db000, 0x0000025e4e9dc000,
0x0000025e4e9de800, 0x0000025e4e9dd000, 0x0000025e4e9e2800, 0x0000025e4e9e7800,
0x0000025e4e9e4000, 0x0000025e4e9e6800, 0x0000025e4e9e2000, 0x0000025e4e9e8800,
0x0000025e4e9e9000, 0x0000025e4e9e3800, 0x0000025e4e9ea000, 0x0000025e4e9e5000,
0x0000025e4e9e6000, 0x0000025e4c902000, 0x0000025e4c903000, 0x0000025e5082a800,
0x0000025e5082b000, 0x0000025e50828800, 0x0000025e50826000, 0x0000025e50827000,
0x0000025e5082c800, 0x0000025e50829800, 0x0000025e53297000, 0x0000025e53294800,
0x0000025e53292800, 0x0000025e53299000, 0x0000025e5329a000, 0x0000025e5329e000,
0x0000025e5329c800, 0x0000025e5329d800
}

Java Threads: ( => current thread )
  0x0000025e30552800 JavaThread "main" [_thread_blocked, id=9828, stack(0x000000f925d00000,0x000000f925e00000)]
  0x0000025e49e4a800 JavaThread "Reference Handler" daemon [_thread_blocked, id=13820, stack(0x000000f926400000,0x000000f926500000)]
  0x0000025e49e4c000 JavaThread "Finalizer" daemon [_thread_blocked, id=10720, stack(0x000000f926500000,0x000000f926600000)]
  0x0000025e4a6c4000 JavaThread "Signal Dispatcher" daemon [_thread_blocked, id=5884, stack(0x000000f926600000,0x000000f926700000)]
  0x0000025e4a6c6000 JavaThread "Attach Listener" daemon [_thread_blocked, id=12652, stack(0x000000f926700000,0x000000f926800000)]
  0x0000025e4a6c7000 JavaThread "Service Thread" daemon [_thread_blocked, id=5992, stack(0x000000f926800000,0x000000f926900000)]
=>0x0000025e4a6cc000 JavaThread "C2 CompilerThread0" daemon [_thread_in_native, id=9120, stack(0x000000f926900000,0x000000f926a00000)]
  0x0000025e4a710800 JavaThread "C1 CompilerThread0" daemon [_thread_blocked, id=6100, stack(0x000000f926a00000,0x000000f926b00000)]
  0x0000025e49e7a000 JavaThread "Sweeper thread" daemon [_thread_blocked, id=11364, stack(0x000000f926b00000,0x000000f926c00000)]
  0x0000025e4a812800 JavaThread "Common-Cleaner" daemon [_thread_blocked, id=6696, stack(0x000000f926c00000,0x000000f926d00000)]
  0x0000025e4be34800 JavaThread "Daemon health stats" [_thread_blocked, id=14560, stack(0x000000f926f00000,0x000000f927000000)]
  0x0000025e4c179000 JavaThread "Incoming local TCP Connector on port 59322" [_thread_in_native, id=12436, stack(0x000000f927000000,0x000000f927100000)]
  0x0000025e4bea0000 JavaThread "Daemon periodic checks" [_thread_blocked, id=9364, stack(0x000000f927300000,0x000000f927400000)]
  0x0000025e4c8fe000 JavaThread "Cache worker for journal cache (C:\Users\nabil\.gradle\caches\journal-1)" [_thread_blocked, id=12736, stack(0x000000f927900000,0x000000f927a00000)]
  0x0000025e4c8fd000 JavaThread "File lock request listener" [_thread_in_native, id=13568, stack(0x000000f927a00000,0x000000f927b00000)]
  0x0000025e4c8fc800 JavaThread "Cache worker for file hash cache (C:\Users\nabil\.gradle\caches\7.5\fileHashes)" [_thread_blocked, id=6504, stack(0x000000f927b00000,0x000000f927c00000)]
  0x0000025e4c8ff800 JavaThread "File watcher server" daemon [_thread_in_native, id=9076, stack(0x000000f927c00000,0x000000f927d00000)]
  0x0000025e4c8fe800 JavaThread "File watcher consumer" daemon [_thread_blocked, id=13164, stack(0x000000f927d00000,0x000000f927e00000)]
  0x0000025e4c900800 JavaThread "jar transforms" [_thread_blocked, id=3968, stack(0x000000f927e00000,0x000000f927f00000)]
  0x0000025e4c901000 JavaThread "jar transforms Thread 2" [_thread_blocked, id=15028, stack(0x000000f927f00000,0x000000f928000000)]
  0x0000025e4e9dd800 JavaThread "Cache worker for file content cache (C:\Users\nabil\.gradle\caches\7.5\fileContent)" [_thread_blocked, id=10476, stack(0x000000f928200000,0x000000f928300000)]
  0x0000025e4e9df800 JavaThread "Cache worker for execution history cache (C:\Users\nabil\.gradle\caches\7.5\executionHistory)" [_thread_blocked, id=5460, stack(0x000000f928500000,0x000000f928600000)]
  0x0000025e5072a000 JavaThread "Memory manager" [_thread_blocked, id=1120, stack(0x000000f929c00000,0x000000f929d00000)]
  0x0000025e50725000 JavaThread "Daemon Thread 3" [_thread_blocked, id=1532, stack(0x000000f925b00000,0x000000f925c00000)]
  0x0000025e50724000 JavaThread "Handler for socket connection from /127.0.0.1:59322 to /127.0.0.1:59746" [_thread_in_native, id=9596, stack(0x000000f925c00000,0x000000f925d00000)]
  0x0000025e50725800 JavaThread "Cancel handler" [_thread_blocked, id=2072, stack(0x000000f927100000,0x000000f927200000)]
  0x0000025e50726800 JavaThread "Daemon worker Thread 3" [_thread_blocked, id=11852, stack(0x000000f927200000,0x000000f927300000)]
  0x0000025e50723800 JavaThread "Asynchronous log dispatcher for DefaultDaemonConnection: socket connection from /127.0.0.1:59322 to /127.0.0.1:59746" [_thread_blocked, id=8688, stack(0x000000f927400000,0x000000f927500000)]
  0x0000025e5072d000 JavaThread "Daemon client event forwarder" [_thread_blocked, id=11132, stack(0x000000f927600000,0x000000f927700000)]
  0x0000025e50727800 JavaThread "Cache worker for checksums cache (C:\Users\nabil\AndroidStudioProjects\JetGame\.gradle\7.5\checksums)" [_thread_blocked, id=14968, stack(0x000000f927700000,0x000000f927800000)]
  0x0000025e50728000 JavaThread "Cache worker for cache directory md-rule (C:\Users\nabil\.gradle\caches\7.5\md-rule)" [_thread_blocked, id=11820, stack(0x000000f927800000,0x000000f927900000)]
  0x0000025e50729000 JavaThread "Cache worker for file hash cache (C:\Users\nabil\AndroidStudioProjects\JetGame\.gradle\7.5\fileHashes)" [_thread_blocked, id=2432, stack(0x000000f928000000,0x000000f928100000)]
  0x0000025e50730800 JavaThread "Cache worker for cache directory md-supplier (C:\Users\nabil\.gradle\caches\7.5\md-supplier)" [_thread_blocked, id=13536, stack(0x000000f928100000,0x000000f928200000)]
  0x0000025e5072b800 JavaThread "Cache worker for dependencies-accessors (C:\Users\nabil\AndroidStudioProjects\JetGame\.gradle\7.5\dependencies-accessors)" [_thread_blocked, id=10760, stack(0x000000f928300000,0x000000f928400000)]
  0x0000025e5072e000 JavaThread "Cache worker for Build Output Cleanup Cache (C:\Users\nabil\AndroidStudioProjects\JetGame\.gradle\buildOutputCleanup)" [_thread_blocked, id=14984, stack(0x000000f928400000,0x000000f928500000)]
  0x0000025e50731000 JavaThread "Unconstrained build operations" [_thread_blocked, id=13796, stack(0x000000f928600000,0x000000f928700000)]
  0x0000025e5072f800 JavaThread "Unconstrained build operations Thread 2" [_thread_blocked, id=14908, stack(0x000000f928700000,0x000000f928800000)]
  0x0000025e4e9e0000 JavaThread "Unconstrained build operations Thread 3" [_thread_blocked, id=9880, stack(0x000000f928800000,0x000000f928900000)]
  0x0000025e4e9db000 JavaThread "Unconstrained build operations Thread 4" [_thread_blocked, id=8488, stack(0x000000f928900000,0x000000f928a00000)]
  0x0000025e4e9dc000 JavaThread "Unconstrained build operations Thread 5" [_thread_blocked, id=14320, stack(0x000000f928a00000,0x000000f928b00000)]
  0x0000025e4e9de800 JavaThread "Unconstrained build operations Thread 6" [_thread_blocked, id=1276, stack(0x000000f928b00000,0x000000f928c00000)]
  0x0000025e4e9dd000 JavaThread "Unconstrained build operations Thread 7" [_thread_blocked, id=11240, stack(0x000000f928c00000,0x000000f928d00000)]
  0x0000025e4e9e2800 JavaThread "Unconstrained build operations Thread 8" [_thread_blocked, id=3524, stack(0x000000f928d00000,0x000000f928e00000)]
  0x0000025e4e9e7800 JavaThread "Unconstrained build operations Thread 9" [_thread_blocked, id=14656, stack(0x000000f928e00000,0x000000f928f00000)]
  0x0000025e4e9e4000 JavaThread "Unconstrained build operations Thread 10" [_thread_blocked, id=3536, stack(0x000000f928f00000,0x000000f929000000)]
  0x0000025e4e9e6800 JavaThread "Unconstrained build operations Thread 11" [_thread_blocked, id=13564, stack(0x000000f929000000,0x000000f929100000)]
  0x0000025e4e9e2000 JavaThread "Unconstrained build operations Thread 12" [_thread_blocked, id=10504, stack(0x000000f929100000,0x000000f929200000)]
  0x0000025e4e9e8800 JavaThread "Unconstrained build operations Thread 13" [_thread_blocked, id=14404, stack(0x000000f929200000,0x000000f929300000)]
  0x0000025e4e9e9000 JavaThread "Unconstrained build operations Thread 14" [_thread_blocked, id=14696, stack(0x000000f929300000,0x000000f929400000)]
  0x0000025e4e9e3800 JavaThread "Unconstrained build operations Thread 15" [_thread_blocked, id=10516, stack(0x000000f929400000,0x000000f929500000)]
  0x0000025e4e9ea000 JavaThread "Unconstrained build operations Thread 16" [_thread_blocked, id=9868, stack(0x000000f929500000,0x000000f929600000)]
  0x0000025e4e9e5000 JavaThread "Unconstrained build operations Thread 17" [_thread_blocked, id=14680, stack(0x000000f929600000,0x000000f929700000)]
  0x0000025e4e9e6000 JavaThread "Unconstrained build operations Thread 18" [_thread_blocked, id=9260, stack(0x000000f929700000,0x000000f929800000)]
  0x0000025e4c902000 JavaThread "Unconstrained build operations Thread 19" [_thread_blocked, id=4936, stack(0x000000f929800000,0x000000f929900000)]
  0x0000025e4c903000 JavaThread "Unconstrained build operations Thread 20" [_thread_blocked, id=10840, stack(0x000000f929900000,0x000000f929a00000)]
  0x0000025e5082a800 JavaThread "build event listener" [_thread_blocked, id=7904, stack(0x000000f929a00000,0x000000f929b00000)]
  0x0000025e5082b000 JavaThread "included builds" [_thread_in_Java, id=696, stack(0x000000f929b00000,0x000000f929c00000)]
  0x0000025e50828800 JavaThread "Execution worker" [_thread_blocked, id=11544, stack(0x000000f929d00000,0x000000f929e00000)]
  0x0000025e50826000 JavaThread "Cache worker for execution history cache (C:\Users\nabil\AndroidStudioProjects\JetGame\.gradle\7.5\executionHistory)" [_thread_blocked, id=11720, stack(0x000000f929e00000,0x000000f929f00000)]
  0x0000025e50827000 JavaThread "WorkerExecutor Queue" [_thread_in_native, id=11924, stack(0x000000f929f00000,0x000000f92a000000)]
  0x0000025e5082c800 JavaThread "WorkerExecutor Queue Thread 2" [_thread_blocked, id=12808, stack(0x000000f92a000000,0x000000f92a100000)]
  0x0000025e50829800 JavaThread "pool-7-thread-1" [_thread_blocked, id=11092, stack(0x000000f92a200000,0x000000f92a300000)]
  0x0000025e53297000 JavaThread "stderr" [_thread_in_native, id=7116, stack(0x000000f92a300000,0x000000f92a400000)]
  0x0000025e53294800 JavaThread "stdout" [_thread_in_native, id=12268, stack(0x000000f92a400000,0x000000f92a500000)]
  0x0000025e53292800 JavaThread "RMI Scheduler(0)" daemon [_thread_blocked, id=7508, stack(0x000000f92a100000,0x000000f92a200000)]
  0x0000025e53299000 JavaThread "RMI RenewClean-[127.0.0.1:17544,org.jetbrains.kotlin.daemon.common.LoopbackNetworkInterface$ClientLoopbackSocketFactory@60283c53]" daemon [_thread_blocked, id=14936, stack(0x000000f92a500000,0x000000f92a600000)]
  0x0000025e5329a000 JavaThread "RMI GC Daemon" daemon [_thread_blocked, id=13836, stack(0x000000f92a600000,0x000000f92a700000)]
  0x0000025e5329e000 JavaThread "RMI TCP Accept-0" daemon [_thread_in_native, id=13476, stack(0x000000f92a700000,0x000000f92a800000)]
  0x0000025e5329c800 JavaThread "RMI Reaper" [_thread_blocked, id=13088, stack(0x000000f92a800000,0x000000f92a900000)]
  0x0000025e5329d800 JavaThread "RMI TCP Connection(2)-127.0.0.1" daemon [_thread_in_native, id=12488, stack(0x000000f92a900000,0x000000f92aa00000)]

Other Threads:
  0x0000025e49e44800 VMThread "VM Thread" [stack: 0x000000f926300000,0x000000f926400000] [id=1048]
  0x0000025e4a870000 WatcherThread [stack: 0x000000f926d00000,0x000000f926e00000] [id=10524]
  0x0000025e3056d000 GCTaskThread "GC Thread#0" [stack: 0x000000f925e00000,0x000000f925f00000] [id=760]
  0x0000025e4a946000 GCTaskThread "GC Thread#1" [stack: 0x000000f926e00000,0x000000f926f00000] [id=3980]
  0x0000025e3059f000 ConcurrentGCThread "G1 Main Marker" [stack: 0x000000f925f00000,0x000000f926000000] [id=14856]
  0x0000025e305a0800 ConcurrentGCThread "G1 Conc#0" [stack: 0x000000f926000000,0x000000f926100000] [id=10768]
  0x0000025e3062d800 ConcurrentGCThread "G1 Refine#0" [stack: 0x000000f926100000,0x000000f926200000] [id=14072]
  0x0000025e49c92800 ConcurrentGCThread "G1 Young RemSet Sampling" [stack: 0x000000f926200000,0x000000f926300000] [id=10780]

Threads with active compile tasks:
C2 CompilerThread0  7342463 30159       4       com.android.tools.r8.internal.uc::l (1053 bytes)

VM state:not at safepoint (normal execution)

VM Mutex/Monitor currently owned by a thread: None

Heap address: 0x0000000080000000, size: 2048 MB, Compressed Oops mode: 32-bit
Narrow klass base: 0x0000000000000000, Narrow klass shift: 3
Compressed class space size: 1073741824 Address: 0x0000000100000000

Heap:
 garbage-first heap   total 342016K, used 254944K [0x0000000080000000, 0x0000000100000000)
  region size 1024K, 22 young (22528K), 1 survivors (1024K)
 Metaspace       used 155848K, capacity 160283K, committed 160464K, reserved 1189888K
  class space    used 19174K, capacity 20844K, committed 20864K, reserved 1048576K
Heap Regions: E=young(eden), S=young(survivor), O=old, HS=humongous(starts), HC=humongous(continues), CS=collection set, F=free, A=archive, TAMS=top-at-mark-start (previous, next)
|   0|0x0000000080000000, 0x0000000080100000, 0x0000000080100000|100%| O|  |TAMS 0x0000000080100000, 0x0000000080000000| Complete 
|   1|0x0000000080100000, 0x0000000080200000, 0x0000000080200000|100%| O|  |TAMS 0x0000000080200000, 0x0000000080100000| Complete 
|   2|0x0000000080200000, 0x0000000080300000, 0x0000000080300000|100%| O|  |TAMS 0x0000000080300000, 0x0000000080200000| Untracked 
|   3|0x0000000080300000, 0x0000000080400000, 0x0000000080400000|100%| O|  |TAMS 0x0000000080400000, 0x0000000080300000| Untracked 
|   4|0x0000000080400000, 0x0000000080500000, 0x0000000080500000|100%|HS|  |TAMS 0x0000000080500000, 0x0000000080400000| Complete 
|   5|0x0000000080500000, 0x0000000080600000, 0x0000000080600000|100%|HC|  |TAMS 0x0000000080600000, 0x0000000080500000| Complete 
|   6|0x0000000080600000, 0x0000000080700000, 0x0000000080700000|100%|HC|  |TAMS 0x0000000080700000, 0x0000000080600000| Complete 
|   7|0x0000000080700000, 0x0000000080800000, 0x0000000080800000|100%| O|  |TAMS 0x0000000080800000, 0x0000000080700000| Complete 
|   8|0x0000000080800000, 0x0000000080900000, 0x0000000080900000|100%| O|  |TAMS 0x0000000080900000, 0x0000000080800000| Complete 
|   9|0x0000000080900000, 0x0000000080a00000, 0x0000000080a00000|100%| O|  |TAMS 0x0000000080a00000, 0x0000000080900000| Untracked 
|  10|0x0000000080a00000, 0x0000000080b00000, 0x0000000080b00000|100%| O|  |TAMS 0x0000000080b00000, 0x0000000080a00000| Untracked 
|  11|0x0000000080b00000, 0x0000000080c00000, 0x0000000080c00000|100%| O|  |TAMS 0x0000000080c00000, 0x0000000080b00000| Untracked 
|  12|0x0000000080c00000, 0x0000000080d00000, 0x0000000080d00000|100%| O|  |TAMS 0x0000000080d00000, 0x0000000080c00000| Untracked 
|  13|0x0000000080d00000, 0x0000000080e00000, 0x0000000080e00000|100%| O|  |TAMS 0x0000000080e00000, 0x0000000080d00000| Untracked 
|  14|0x0000000080e00000, 0x0000000080f00000, 0x0000000080f00000|100%| O|  |TAMS 0x0000000080f00000, 0x0000000080e00000| Complete 
|  15|0x0000000080f00000, 0x0000000081000000, 0x0000000081000000|100%| O|  |TAMS 0x0000000081000000, 0x0000000080f00000| Untracked 
|  16|0x0000000081000000, 0x0000000081100000, 0x0000000081100000|100%| O|  |TAMS 0x0000000081100000, 0x0000000081000000| Complete 
|  17|0x0000000081100000, 0x0000000081200000, 0x0000000081200000|100%|HS|  |TAMS 0x0000000081200000, 0x0000000081100000| Complete 
|  18|0x0000000081200000, 0x0000000081300000, 0x0000000081300000|100%|HC|  |TAMS 0x0000000081300000, 0x0000000081200000| Complete 
|  19|0x0000000081300000, 0x0000000081400000, 0x0000000081400000|100%|HS|  |TAMS 0x0000000081400000, 0x0000000081300000| Complete 
|  20|0x0000000081400000, 0x0000000081500000, 0x0000000081500000|100%|HC|  |TAMS 0x0000000081500000, 0x0000000081400000| Complete 
|  21|0x0000000081500000, 0x0000000081600000, 0x0000000081600000|100%|HC|  |TAMS 0x0000000081600000, 0x0000000081500000| Complete 
|  22|0x0000000081600000, 0x0000000081700000, 0x0000000081700000|100%|HS|  |TAMS 0x0000000081700000, 0x0000000081600000| Complete 
|  23|0x0000000081700000, 0x0000000081800000, 0x0000000081800000|100%|HC|  |TAMS 0x0000000081800000, 0x0000000081700000| Complete 
|  24|0x0000000081800000, 0x0000000081900000, 0x0000000081900000|100%|HC|  |TAMS 0x0000000081900000, 0x0000000081800000| Complete 
|  25|0x0000000081900000, 0x0000000081a00000, 0x0000000081a00000|100%|HS|  |TAMS 0x0000000081a00000, 0x0000000081900000| Complete 
|  26|0x0000000081a00000, 0x0000000081b00000, 0x0000000081b00000|100%|HC|  |TAMS 0x0000000081b00000, 0x0000000081a00000| Complete 
|  27|0x0000000081b00000, 0x0000000081c00000, 0x0000000081c00000|100%|HS|  |TAMS 0x0000000081c00000, 0x0000000081b00000| Complete 
|  28|0x0000000081c00000, 0x0000000081d00000, 0x0000000081d00000|100%|HC|  |TAMS 0x0000000081d00000, 0x0000000081c00000| Complete 
|  29|0x0000000081d00000, 0x0000000081e00000, 0x0000000081e00000|100%|HC|  |TAMS 0x0000000081e00000, 0x0000000081d00000| Complete 
|  30|0x0000000081e00000, 0x0000000081f00000, 0x0000000081f00000|100%|HC|  |TAMS 0x0000000081f00000, 0x0000000081e00000| Complete 
|  31|0x0000000081f00000, 0x0000000082000000, 0x0000000082000000|100%|HC|  |TAMS 0x0000000082000000, 0x0000000081f00000| Complete 
|  32|0x0000000082000000, 0x0000000082100000, 0x0000000082100000|100%| O|  |TAMS 0x0000000082100000, 0x0000000082000000| Complete 
|  33|0x0000000082100000, 0x0000000082200000, 0x0000000082200000|100%| O|  |TAMS 0x0000000082200000, 0x0000000082100000| Untracked 
|  34|0x0000000082200000, 0x0000000082300000, 0x0000000082300000|100%| O|  |TAMS 0x0000000082300000, 0x0000000082200000| Untracked 
|  35|0x0000000082300000, 0x0000000082400000, 0x0000000082400000|100%| O|  |TAMS 0x0000000082400000, 0x0000000082300000| Untracked 
|  36|0x0000000082400000, 0x0000000082500000, 0x0000000082500000|100%| O|  |TAMS 0x0000000082500000, 0x0000000082400000| Complete 
|  37|0x0000000082500000, 0x0000000082600000, 0x0000000082600000|100%| O|  |TAMS 0x0000000082600000, 0x0000000082500000| Complete 
|  38|0x0000000082600000, 0x0000000082700000, 0x0000000082700000|100%| O|  |TAMS 0x0000000082700000, 0x0000000082600000| Complete 
|  39|0x0000000082700000, 0x0000000082800000, 0x0000000082800000|100%|HS|  |TAMS 0x0000000082800000, 0x0000000082700000| Complete 
|  40|0x0000000082800000, 0x0000000082900000, 0x0000000082900000|100%|HC|  |TAMS 0x0000000082900000, 0x0000000082800000| Complete 
|  41|0x0000000082900000, 0x0000000082a00000, 0x0000000082a00000|100%|HC|  |TAMS 0x0000000082a00000, 0x0000000082900000| Complete 
|  42|0x0000000082a00000, 0x0000000082b00000, 0x0000000082b00000|100%|HC|  |TAMS 0x0000000082b00000, 0x0000000082a00000| Complete 
|  43|0x0000000082b00000, 0x0000000082c00000, 0x0000000082c00000|100%|HC|  |TAMS 0x0000000082c00000, 0x0000000082b00000| Complete 
|  44|0x0000000082c00000, 0x0000000082d00000, 0x0000000082d00000|100%|HC|  |TAMS 0x0000000082d00000, 0x0000000082c00000| Complete 
|  45|0x0000000082d00000, 0x0000000082e00000, 0x0000000082e00000|100%|HC|  |TAMS 0x0000000082e00000, 0x0000000082d00000| Complete 
|  46|0x0000000082e00000, 0x0000000082f00000, 0x0000000082f00000|100%|HC|  |TAMS 0x0000000082f00000, 0x0000000082e00000| Complete 
|  47|0x0000000082f00000, 0x0000000083000000, 0x0000000083000000|100%|HC|  |TAMS 0x0000000083000000, 0x0000000082f00000| Complete 
|  48|0x0000000083000000, 0x0000000083100000, 0x0000000083100000|100%|HC|  |TAMS 0x0000000083100000, 0x0000000083000000| Complete 
|  49|0x0000000083100000, 0x0000000083200000, 0x0000000083200000|100%|HS|  |TAMS 0x0000000083200000, 0x0000000083100000| Complete 
|  50|0x0000000083200000, 0x0000000083300000, 0x0000000083300000|100%|HC|  |TAMS 0x0000000083300000, 0x0000000083200000| Complete 
|  51|0x0000000083300000, 0x0000000083400000, 0x0000000083400000|100%|HS|  |TAMS 0x0000000083400000, 0x0000000083300000| Complete 
|  52|0x0000000083400000, 0x0000000083500000, 0x0000000083500000|100%|HC|  |TAMS 0x0000000083500000, 0x0000000083400000| Complete 
|  53|0x0000000083500000, 0x0000000083600000, 0x0000000083600000|100%|HC|  |TAMS 0x0000000083600000, 0x0000000083500000| Complete 
|  54|0x0000000083600000, 0x0000000083700000, 0x0000000083700000|100%|HS|  |TAMS 0x0000000083700000, 0x0000000083600000| Complete 
|  55|0x0000000083700000, 0x0000000083800000, 0x0000000083800000|100%|HC|  |TAMS 0x0000000083800000, 0x0000000083700000| Complete 
|  56|0x0000000083800000, 0x0000000083900000, 0x0000000083900000|100%|HS|  |TAMS 0x0000000083900000, 0x0000000083800000| Complete 
|  57|0x0000000083900000, 0x0000000083a00000, 0x0000000083a00000|100%|HC|  |TAMS 0x0000000083a00000, 0x0000000083900000| Complete 
|  58|0x0000000083a00000, 0x0000000083b00000, 0x0000000083b00000|100%|HC|  |TAMS 0x0000000083b00000, 0x0000000083a00000| Complete 
|  59|0x0000000083b00000, 0x0000000083c00000, 0x0000000083c00000|100%| O|  |TAMS 0x0000000083c00000, 0x0000000083b00000| Complete 
|  60|0x0000000083c00000, 0x0000000083d00000, 0x0000000083d00000|100%| O|  |TAMS 0x0000000083d00000, 0x0000000083c00000| Complete 
|  61|0x0000000083d00000, 0x0000000083e00000, 0x0000000083e00000|100%| O|  |TAMS 0x0000000083e00000, 0x0000000083d00000| Untracked 
|  62|0x0000000083e00000, 0x0000000083f00000, 0x0000000083f00000|100%| O|  |TAMS 0x0000000083f00000, 0x0000000083e00000| Complete 
|  63|0x0000000083f00000, 0x0000000084000000, 0x0000000084000000|100%| O|  |TAMS 0x0000000084000000, 0x0000000083f00000| Untracked 
|  64|0x0000000084000000, 0x0000000084100000, 0x0000000084100000|100%| O|  |TAMS 0x0000000084100000, 0x0000000084000000| Complete 
|  65|0x0000000084100000, 0x0000000084200000, 0x0000000084200000|100%| O|  |TAMS 0x0000000084200000, 0x0000000084100000| Complete 
|  66|0x0000000084200000, 0x0000000084300000, 0x0000000084300000|100%| O|  |TAMS 0x0000000084300000, 0x0000000084200000| Untracked 
|  67|0x0000000084300000, 0x0000000084400000, 0x0000000084400000|100%| O|  |TAMS 0x0000000084400000, 0x0000000084300000| Complete 
|  68|0x0000000084400000, 0x0000000084500000, 0x0000000084500000|100%|HS|  |TAMS 0x0000000084500000, 0x0000000084400000| Complete 
|  69|0x0000000084500000, 0x0000000084600000, 0x0000000084600000|100%|HC|  |TAMS 0x0000000084600000, 0x0000000084500000| Complete 
|  70|0x0000000084600000, 0x0000000084700000, 0x0000000084700000|100%|HC|  |TAMS 0x0000000084700000, 0x0000000084600000| Complete 
|  71|0x0000000084700000, 0x0000000084800000, 0x0000000084800000|100%|HC|  |TAMS 0x0000000084800000, 0x0000000084700000| Complete 
|  72|0x0000000084800000, 0x0000000084900000, 0x0000000084900000|100%|HC|  |TAMS 0x0000000084900000, 0x0000000084800000| Complete 
|  73|0x0000000084900000, 0x0000000084a00000, 0x0000000084a00000|100%| O|  |TAMS 0x0000000084a00000, 0x0000000084900000| Untracked 
|  74|0x0000000084a00000, 0x0000000084b00000, 0x0000000084b00000|100%| O|  |TAMS 0x0000000084b00000, 0x0000000084a00000| Complete 
|  75|0x0000000084b00000, 0x0000000084c00000, 0x0000000084c00000|100%| O|  |TAMS 0x0000000084c00000, 0x0000000084b00000| Complete 
|  76|0x0000000084c00000, 0x0000000084d00000, 0x0000000084d00000|100%| O|  |TAMS 0x0000000084d00000, 0x0000000084c00000| Untracked 
|  77|0x0000000084d00000, 0x0000000084e00000, 0x0000000084e00000|100%| O|  |TAMS 0x0000000084e00000, 0x0000000084d00000| Untracked 
|  78|0x0000000084e00000, 0x0000000084f00000, 0x0000000084f00000|100%| O|  |TAMS 0x0000000084f00000, 0x0000000084e00000| Complete 
|  79|0x0000000084f00000, 0x0000000085000000, 0x0000000085000000|100%| O|  |TAMS 0x0000000085000000, 0x0000000084f00000| Complete 
|  80|0x0000000085000000, 0x0000000085100000, 0x0000000085100000|100%| O|  |TAMS 0x0000000085100000, 0x0000000085000000| Untracked 
|  81|0x0000000085100000, 0x0000000085200000, 0x0000000085200000|100%|HS|  |TAMS 0x0000000085200000, 0x0000000085100000| Complete 
|  82|0x0000000085200000, 0x0000000085300000, 0x0000000085300000|100%|HS|  |TAMS 0x0000000085300000, 0x0000000085200000| Complete 
|  83|0x0000000085300000, 0x0000000085400000, 0x0000000085400000|100%|HS|  |TAMS 0x0000000085400000, 0x0000000085300000| Complete 
|  84|0x0000000085400000, 0x0000000085500000, 0x0000000085500000|100%| O|  |TAMS 0x0000000085500000, 0x0000000085400000| Complete 
|  85|0x0000000085500000, 0x0000000085600000, 0x0000000085600000|100%| O|  |TAMS 0x0000000085600000, 0x0000000085500000| Untracked 
|  86|0x0000000085600000, 0x0000000085700000, 0x0000000085700000|100%|HS|  |TAMS 0x0000000085700000, 0x0000000085600000| Complete 
|  87|0x0000000085700000, 0x0000000085800000, 0x0000000085800000|100%|HC|  |TAMS 0x0000000085800000, 0x0000000085700000| Complete 
|  88|0x0000000085800000, 0x0000000085900000, 0x0000000085900000|100%|HC|  |TAMS 0x0000000085900000, 0x0000000085800000| Complete 
|  89|0x0000000085900000, 0x0000000085a00000, 0x0000000085a00000|100%| O|  |TAMS 0x0000000085a00000, 0x0000000085900000| Untracked 
|  90|0x0000000085a00000, 0x0000000085b00000, 0x0000000085b00000|100%| O|  |TAMS 0x0000000085b00000, 0x0000000085a00000| Complete 
|  91|0x0000000085b00000, 0x0000000085c00000, 0x0000000085c00000|100%| O|  |TAMS 0x0000000085c00000, 0x0000000085b00000| Untracked 
|  92|0x0000000085c00000, 0x0000000085d00000, 0x0000000085d00000|100%| O|  |TAMS 0x0000000085d00000, 0x0000000085c00000| Untracked 
|  93|0x0000000085d00000, 0x0000000085e00000, 0x0000000085e00000|100%| O|  |TAMS 0x0000000085e00000, 0x0000000085d00000| Untracked 
|  94|0x0000000085e00000, 0x0000000085f00000, 0x0000000085f00000|100%| O|  |TAMS 0x0000000085f00000, 0x0000000085e00000| Complete 
|  95|0x0000000085f00000, 0x0000000086000000, 0x0000000086000000|100%| O|  |TAMS 0x0000000086000000, 0x0000000085f00000| Untracked 
|  96|0x0000000086000000, 0x0000000086100000, 0x0000000086100000|100%| O|  |TAMS 0x0000000086100000, 0x0000000086000000| Untracked 
|  97|0x0000000086100000, 0x0000000086200000, 0x0000000086200000|100%| O|  |TAMS 0x0000000086200000, 0x0000000086100000| Untracked 
|  98|0x0000000086200000, 0x0000000086300000, 0x0000000086300000|100%| O|  |TAMS 0x0000000086300000, 0x0000000086200000| Untracked 
|  99|0x0000000086300000, 0x0000000086400000, 0x0000000086400000|100%| O|  |TAMS 0x0000000086400000, 0x0000000086300000| Complete 
| 100|0x0000000086400000, 0x0000000086500000, 0x0000000086500000|100%| O|  |TAMS 0x0000000086500000, 0x0000000086400000| Complete 
| 101|0x0000000086500000, 0x0000000086600000, 0x0000000086600000|100%| O|  |TAMS 0x0000000086600000, 0x0000000086500000| Untracked 
| 102|0x0000000086600000, 0x0000000086700000, 0x0000000086700000|100%| O|  |TAMS 0x0000000086700000, 0x0000000086600000| Complete 
| 103|0x0000000086700000, 0x0000000086800000, 0x0000000086800000|100%| O|  |TAMS 0x0000000086800000, 0x0000000086700000| Untracked 
| 104|0x0000000086800000, 0x0000000086900000, 0x0000000086900000|100%| O|  |TAMS 0x0000000086900000, 0x0000000086800000| Untracked 
| 105|0x0000000086900000, 0x0000000086a00000, 0x0000000086a00000|100%| O|  |TAMS 0x0000000086a00000, 0x0000000086900000| Complete 
| 106|0x0000000086a00000, 0x0000000086b00000, 0x0000000086b00000|100%| O|  |TAMS 0x0000000086b00000, 0x0000000086a00000| Untracked 
| 107|0x0000000086b00000, 0x0000000086c00000, 0x0000000086c00000|100%| O|  |TAMS 0x0000000086c00000, 0x0000000086b00000| Untracked 
| 108|0x0000000086c00000, 0x0000000086d00000, 0x0000000086d00000|100%| O|  |TAMS 0x0000000086d00000, 0x0000000086c00000| Untracked 
| 109|0x0000000086d00000, 0x0000000086e00000, 0x0000000086e00000|100%| O|  |TAMS 0x0000000086e00000, 0x0000000086d00000| Untracked 
| 110|0x0000000086e00000, 0x0000000086f00000, 0x0000000086f00000|100%| O|  |TAMS 0x0000000086f00000, 0x0000000086e00000| Untracked 
| 111|0x0000000086f00000, 0x0000000087000000, 0x0000000087000000|100%| O|  |TAMS 0x0000000087000000, 0x0000000086f00000| Untracked 
| 112|0x0000000087000000, 0x0000000087100000, 0x0000000087100000|100%| O|  |TAMS 0x0000000087100000, 0x0000000087000000| Untracked 
| 113|0x0000000087100000, 0x0000000087200000, 0x0000000087200000|100%| O|  |TAMS 0x0000000087200000, 0x0000000087100000| Complete 
| 114|0x0000000087200000, 0x0000000087300000, 0x0000000087300000|100%| O|  |TAMS 0x0000000087300000, 0x0000000087200000| Complete 
| 115|0x0000000087300000, 0x0000000087400000, 0x0000000087400000|100%|HS|  |TAMS 0x0000000087400000, 0x0000000087300000| Complete 
| 116|0x0000000087400000, 0x0000000087500000, 0x0000000087500000|100%|HC|  |TAMS 0x0000000087500000, 0x0000000087400000| Complete 
| 117|0x0000000087500000, 0x0000000087600000, 0x0000000087600000|100%|HC|  |TAMS 0x0000000087600000, 0x0000000087500000| Complete 
| 118|0x0000000087600000, 0x0000000087700000, 0x0000000087700000|100%|HC|  |TAMS 0x0000000087700000, 0x0000000087600000| Complete 
| 119|0x0000000087700000, 0x0000000087800000, 0x0000000087800000|100%|HC|  |TAMS 0x0000000087800000, 0x0000000087700000| Complete 
| 120|0x0000000087800000, 0x0000000087900000, 0x0000000087900000|100%|HC|  |TAMS 0x0000000087900000, 0x0000000087800000| Complete 
| 121|0x0000000087900000, 0x0000000087a00000, 0x0000000087a00000|100%|HC|  |TAMS 0x0000000087a00000, 0x0000000087900000| Complete 
| 122|0x0000000087a00000, 0x0000000087b00000, 0x0000000087b00000|100%|HC|  |TAMS 0x0000000087b00000, 0x0000000087a00000| Complete 
| 123|0x0000000087b00000, 0x0000000087c00000, 0x0000000087c00000|100%|HC|  |TAMS 0x0000000087c00000, 0x0000000087b00000| Complete 
| 124|0x0000000087c00000, 0x0000000087d00000, 0x0000000087d00000|100%|HC|  |TAMS 0x0000000087d00000, 0x0000000087c00000| Complete 
| 125|0x0000000087d00000, 0x0000000087e00000, 0x0000000087e00000|100%|HS|  |TAMS 0x0000000087e00000, 0x0000000087d00000| Complete 
| 126|0x0000000087e00000, 0x0000000087f00000, 0x0000000087f00000|100%|HC|  |TAMS 0x0000000087f00000, 0x0000000087e00000| Complete 
| 127|0x0000000087f00000, 0x0000000088000000, 0x0000000088000000|100%|HS|  |TAMS 0x0000000088000000, 0x0000000087f00000| Complete 
| 128|0x0000000088000000, 0x0000000088100000, 0x0000000088100000|100%|HC|  |TAMS 0x0000000088100000, 0x0000000088000000| Complete 
| 129|0x0000000088100000, 0x0000000088200000, 0x0000000088200000|100%| O|  |TAMS 0x0000000088200000, 0x0000000088100000| Complete 
| 130|0x0000000088200000, 0x0000000088300000, 0x0000000088300000|100%| O|  |TAMS 0x0000000088300000, 0x0000000088200000| Untracked 
| 131|0x0000000088300000, 0x0000000088400000, 0x0000000088400000|100%| O|  |TAMS 0x0000000088400000, 0x0000000088300000| Complete 
| 132|0x0000000088400000, 0x0000000088500000, 0x0000000088500000|100%|HS|  |TAMS 0x0000000088500000, 0x0000000088400000| Complete 
| 133|0x0000000088500000, 0x0000000088600000, 0x0000000088600000|100%|HC|  |TAMS 0x0000000088600000, 0x0000000088500000| Complete 
| 134|0x0000000088600000, 0x0000000088700000, 0x0000000088700000|100%|HC|  |TAMS 0x0000000088700000, 0x0000000088600000| Complete 
| 135|0x0000000088700000, 0x0000000088800000, 0x0000000088800000|100%|HS|  |TAMS 0x0000000088800000, 0x0000000088700000| Complete 
| 136|0x0000000088800000, 0x0000000088900000, 0x0000000088900000|100%|HC|  |TAMS 0x0000000088900000, 0x0000000088800000| Complete 
| 137|0x0000000088900000, 0x0000000088a00000, 0x0000000088a00000|100%|HC|  |TAMS 0x0000000088a00000, 0x0000000088900000| Complete 
| 138|0x0000000088a00000, 0x0000000088b00000, 0x0000000088b00000|100%|HS|  |TAMS 0x0000000088b00000, 0x0000000088a00000| Complete 
| 139|0x0000000088b00000, 0x0000000088c00000, 0x0000000088c00000|100%|HC|  |TAMS 0x0000000088c00000, 0x0000000088b00000| Complete 
| 140|0x0000000088c00000, 0x0000000088d00000, 0x0000000088d00000|100%|HS|  |TAMS 0x0000000088d00000, 0x0000000088c00000| Complete 
| 141|0x0000000088d00000, 0x0000000088e00000, 0x0000000088e00000|100%|HC|  |TAMS 0x0000000088e00000, 0x0000000088d00000| Complete 
| 142|0x0000000088e00000, 0x0000000088f00000, 0x0000000088f00000|100%|HC|  |TAMS 0x0000000088f00000, 0x0000000088e00000| Complete 
| 143|0x0000000088f00000, 0x0000000089000000, 0x0000000089000000|100%|HC|  |TAMS 0x0000000089000000, 0x0000000088f00000| Complete 
| 144|0x0000000089000000, 0x0000000089100000, 0x0000000089100000|100%|HC|  |TAMS 0x0000000089100000, 0x0000000089000000| Complete 
| 145|0x0000000089100000, 0x0000000089200000, 0x0000000089200000|100%|HS|  |TAMS 0x0000000089200000, 0x0000000089100000| Complete 
| 146|0x0000000089200000, 0x0000000089300000, 0x0000000089300000|100%|HC|  |TAMS 0x0000000089300000, 0x0000000089200000| Complete 
| 147|0x0000000089300000, 0x0000000089400000, 0x0000000089400000|100%|HC|  |TAMS 0x0000000089400000, 0x0000000089300000| Complete 
| 148|0x0000000089400000, 0x0000000089500000, 0x0000000089500000|100%|HC|  |TAMS 0x0000000089500000, 0x0000000089400000| Complete 
| 149|0x0000000089500000, 0x0000000089600000, 0x0000000089600000|100%|HC|  |TAMS 0x0000000089600000, 0x0000000089500000| Complete 
| 150|0x0000000089600000, 0x0000000089700000, 0x0000000089700000|100%|HC|  |TAMS 0x0000000089700000, 0x0000000089600000| Complete 
| 151|0x0000000089700000, 0x0000000089800000, 0x0000000089800000|100%|HC|  |TAMS 0x0000000089800000, 0x0000000089700000| Complete 
| 152|0x0000000089800000, 0x0000000089900000, 0x0000000089900000|100%|HC|  |TAMS 0x0000000089900000, 0x0000000089800000| Complete 
| 153|0x0000000089900000, 0x0000000089a00000, 0x0000000089a00000|100%|HC|  |TAMS 0x0000000089a00000, 0x0000000089900000| Complete 
| 154|0x0000000089a00000, 0x0000000089b00000, 0x0000000089b00000|100%|HC|  |TAMS 0x0000000089b00000, 0x0000000089a00000| Complete 
| 155|0x0000000089b00000, 0x0000000089c00000, 0x0000000089c00000|100%|HS|  |TAMS 0x0000000089c00000, 0x0000000089b00000| Complete 
| 156|0x0000000089c00000, 0x0000000089d00000, 0x0000000089d00000|100%|HC|  |TAMS 0x0000000089d00000, 0x0000000089c00000| Complete 
| 157|0x0000000089d00000, 0x0000000089e00000, 0x0000000089e00000|100%| O|  |TAMS 0x0000000089e00000, 0x0000000089d00000| Untracked 
| 158|0x0000000089e00000, 0x0000000089f00000, 0x0000000089f00000|100%| O|  |TAMS 0x0000000089f00000, 0x0000000089e00000| Complete 
| 159|0x0000000089f00000, 0x000000008a000000, 0x000000008a000000|100%| O|  |TAMS 0x000000008a000000, 0x0000000089f00000| Complete 
| 160|0x000000008a000000, 0x000000008a100000, 0x000000008a100000|100%| O|  |TAMS 0x000000008a100000, 0x000000008a000000| Complete 
| 161|0x000000008a100000, 0x000000008a200000, 0x000000008a200000|100%| O|  |TAMS 0x000000008a200000, 0x000000008a100000| Untracked 
| 162|0x000000008a200000, 0x000000008a300000, 0x000000008a300000|100%| O|  |TAMS 0x000000008a300000, 0x000000008a200000| Untracked 
| 163|0x000000008a300000, 0x000000008a400000, 0x000000008a400000|100%| O|  |TAMS 0x000000008a400000, 0x000000008a300000| Untracked 
| 164|0x000000008a400000, 0x000000008a500000, 0x000000008a500000|100%| O|  |TAMS 0x000000008a500000, 0x000000008a400000| Complete 
| 165|0x000000008a500000, 0x000000008a600000, 0x000000008a600000|100%| O|  |TAMS 0x000000008a600000, 0x000000008a500000| Untracked 
| 166|0x000000008a600000, 0x000000008a700000, 0x000000008a700000|100%| O|  |TAMS 0x000000008a700000, 0x000000008a600000| Complete 
| 167|0x000000008a700000, 0x000000008a800000, 0x000000008a800000|100%| O|  |TAMS 0x000000008a800000, 0x000000008a700000| Complete 
| 168|0x000000008a800000, 0x000000008a900000, 0x000000008a900000|100%| O|  |TAMS 0x000000008a900000, 0x000000008a800000| Complete 
| 169|0x000000008a900000, 0x000000008aa00000, 0x000000008aa00000|100%| O|  |TAMS 0x000000008aa00000, 0x000000008a900000| Untracked 
| 170|0x000000008aa00000, 0x000000008ab00000, 0x000000008ab00000|100%| O|  |TAMS 0x000000008ab00000, 0x000000008aa00000| Untracked 
| 171|0x000000008ab00000, 0x000000008ac00000, 0x000000008ac00000|100%| O|  |TAMS 0x000000008ac00000, 0x000000008ab00000| Complete 
| 172|0x000000008ac00000, 0x000000008ad00000, 0x000000008ad00000|100%| O|  |TAMS 0x000000008ad00000, 0x000000008ac00000| Untracked 
| 173|0x000000008ad00000, 0x000000008ae00000, 0x000000008ae00000|100%| O|  |TAMS 0x000000008ae00000, 0x000000008ad00000| Complete 
| 174|0x000000008ae00000, 0x000000008af00000, 0x000000008af00000|100%| O|  |TAMS 0x000000008af00000, 0x000000008ae00000| Untracked 
| 175|0x000000008af00000, 0x000000008b000000, 0x000000008b000000|100%| O|  |TAMS 0x000000008b000000, 0x000000008af00000| Complete 
| 176|0x000000008b000000, 0x000000008b100000, 0x000000008b100000|100%| O|  |TAMS 0x000000008b100000, 0x000000008b000000| Untracked 
| 177|0x000000008b100000, 0x000000008b200000, 0x000000008b200000|100%| O|  |TAMS 0x000000008b200000, 0x000000008b100000| Untracked 
| 178|0x000000008b200000, 0x000000008b300000, 0x000000008b300000|100%| O|  |TAMS 0x000000008b300000, 0x000000008b200000| Untracked 
| 179|0x000000008b300000, 0x000000008b400000, 0x000000008b400000|100%| O|  |TAMS 0x000000008b400000, 0x000000008b300000| Untracked 
| 180|0x000000008b400000, 0x000000008b500000, 0x000000008b500000|100%| O|  |TAMS 0x000000008b500000, 0x000000008b400000| Untracked 
| 181|0x000000008b500000, 0x000000008b600000, 0x000000008b600000|100%| O|  |TAMS 0x000000008b600000, 0x000000008b500000| Untracked 
| 182|0x000000008b600000, 0x000000008b700000, 0x000000008b700000|100%| O|  |TAMS 0x000000008b700000, 0x000000008b600000| Untracked 
| 183|0x000000008b700000, 0x000000008b800000, 0x000000008b800000|100%| O|  |TAMS 0x000000008b800000, 0x000000008b700000| Untracked 
| 184|0x000000008b800000, 0x000000008b900000, 0x000000008b900000|100%| O|  |TAMS 0x000000008b900000, 0x000000008b800000| Untracked 
| 185|0x000000008b900000, 0x000000008ba00000, 0x000000008ba00000|100%| O|  |TAMS 0x000000008ba00000, 0x000000008b900000| Untracked 
| 186|0x000000008ba00000, 0x000000008bb00000, 0x000000008bb00000|100%| O|  |TAMS 0x000000008bb00000, 0x000000008ba00000| Complete 
| 187|0x000000008bb00000, 0x000000008bc00000, 0x000000008bc00000|100%| O|  |TAMS 0x000000008bc00000, 0x000000008bb00000| Untracked 
| 188|0x000000008bc00000, 0x000000008bd00000, 0x000000008bd00000|100%| O|  |TAMS 0x000000008bd00000, 0x000000008bc00000| Untracked 
| 189|0x000000008bd00000, 0x000000008be00000, 0x000000008be00000|100%| O|  |TAMS 0x000000008be00000, 0x000000008bd00000| Complete 
| 190|0x000000008be00000, 0x000000008bf00000, 0x000000008bf00000|100%| O|  |TAMS 0x000000008bf00000, 0x000000008be00000| Untracked 
| 191|0x000000008bf00000, 0x000000008c000000, 0x000000008c000000|100%| O|  |TAMS 0x000000008c000000, 0x000000008bf00000| Untracked 
| 192|0x000000008c000000, 0x000000008c100000, 0x000000008c100000|100%| O|  |TAMS 0x000000008c100000, 0x000000008c000000| Complete 
| 193|0x000000008c100000, 0x000000008c200000, 0x000000008c200000|100%| O|  |TAMS 0x000000008c200000, 0x000000008c100000| Complete 
| 194|0x000000008c200000, 0x000000008c300000, 0x000000008c300000|100%| O|  |TAMS 0x000000008c300000, 0x000000008c200000| Untracked 
| 195|0x000000008c300000, 0x000000008c400000, 0x000000008c400000|100%| O|  |TAMS 0x000000008c400000, 0x000000008c300000| Complete 
| 196|0x000000008c400000, 0x000000008c500000, 0x000000008c500000|100%| O|  |TAMS 0x000000008c500000, 0x000000008c400000| Untracked 
| 197|0x000000008c500000, 0x000000008c600000, 0x000000008c600000|100%| O|  |TAMS 0x000000008c600000, 0x000000008c500000| Untracked 
| 198|0x000000008c600000, 0x000000008c700000, 0x000000008c700000|100%| O|  |TAMS 0x000000008c700000, 0x000000008c600000| Complete 
| 199|0x000000008c700000, 0x000000008c800000, 0x000000008c800000|100%| O|  |TAMS 0x000000008c800000, 0x000000008c700000| Complete 
| 200|0x000000008c800000, 0x000000008c900000, 0x000000008c900000|100%| O|  |TAMS 0x000000008c900000, 0x000000008c800000| Untracked 
| 201|0x000000008c900000, 0x000000008ca00000, 0x000000008ca00000|100%| O|  |TAMS 0x000000008ca00000, 0x000000008c900000| Untracked 
| 202|0x000000008ca00000, 0x000000008cb00000, 0x000000008cb00000|100%| O|  |TAMS 0x000000008cb00000, 0x000000008ca00000| Untracked 
| 203|0x000000008cb00000, 0x000000008cc00000, 0x000000008cc00000|100%| O|  |TAMS 0x000000008cc00000, 0x000000008cb00000| Untracked 
| 204|0x000000008cc00000, 0x000000008cd00000, 0x000000008cd00000|100%| O|  |TAMS 0x000000008cd00000, 0x000000008cc00000| Complete 
| 205|0x000000008cd00000, 0x000000008ce00000, 0x000000008ce00000|100%| O|  |TAMS 0x000000008ce00000, 0x000000008cd00000| Untracked 
| 206|0x000000008ce00000, 0x000000008cf00000, 0x000000008cf00000|100%| O|  |TAMS 0x000000008cf00000, 0x000000008ce00000| Complete 
| 207|0x000000008cf00000, 0x000000008d000000, 0x000000008d000000|100%| O|  |TAMS 0x000000008d000000, 0x000000008cf00000| Complete 
| 208|0x000000008d000000, 0x000000008d100000, 0x000000008d100000|100%| O|  |TAMS 0x000000008d100000, 0x000000008d000000| Untracked 
| 209|0x000000008d100000, 0x000000008d200000, 0x000000008d200000|100%| O|  |TAMS 0x000000008d200000, 0x000000008d100000| Untracked 
| 210|0x000000008d200000, 0x000000008d200000, 0x000000008d300000|  0%| F|  |TAMS 0x000000008d200000, 0x000000008d200000| Untracked 
| 211|0x000000008d300000, 0x000000008d400000, 0x000000008d400000|100%| O|  |TAMS 0x000000008d400000, 0x000000008d300000| Complete 
| 212|0x000000008d400000, 0x000000008d500000, 0x000000008d500000|100%| O|  |TAMS 0x000000008d500000, 0x000000008d400000| Untracked 
| 213|0x000000008d500000, 0x000000008d600000, 0x000000008d600000|100%| O|  |TAMS 0x000000008d600000, 0x000000008d500000| Complete 
| 214|0x000000008d600000, 0x000000008d700000, 0x000000008d700000|100%| O|  |TAMS 0x000000008d700000, 0x000000008d600000| Untracked 
| 215|0x000000008d700000, 0x000000008d800000, 0x000000008d800000|100%| O|  |TAMS 0x000000008d800000, 0x000000008d700000| Untracked 
| 216|0x000000008d800000, 0x000000008d900000, 0x000000008d900000|100%| O|  |TAMS 0x000000008d900000, 0x000000008d800000| Untracked 
| 217|0x000000008d900000, 0x000000008da00000, 0x000000008da00000|100%| O|  |TAMS 0x000000008da00000, 0x000000008d900000| Untracked 
| 218|0x000000008da00000, 0x000000008db00000, 0x000000008db00000|100%| O|  |TAMS 0x000000008db00000, 0x000000008da00000| Untracked 
| 219|0x000000008db00000, 0x000000008dc00000, 0x000000008dc00000|100%| O|  |TAMS 0x000000008dc00000, 0x000000008db00000| Untracked 
| 220|0x000000008dc00000, 0x000000008dd00000, 0x000000008dd00000|100%| O|  |TAMS 0x000000008dd00000, 0x000000008dc00000| Untracked 
| 221|0x000000008dd00000, 0x000000008de00000, 0x000000008de00000|100%| O|  |TAMS 0x000000008de00000, 0x000000008dd00000| Complete 
| 222|0x000000008de00000, 0x000000008df00000, 0x000000008df00000|100%| O|  |TAMS 0x000000008df00000, 0x000000008de00000| Complete 
| 223|0x000000008df00000, 0x000000008e000000, 0x000000008e000000|100%| O|  |TAMS 0x000000008e000000, 0x000000008df00000| Untracked 
| 224|0x000000008e000000, 0x000000008e100000, 0x000000008e100000|100%| O|  |TAMS 0x000000008e100000, 0x000000008e000000| Complete 
| 225|0x000000008e100000, 0x000000008e200000, 0x000000008e200000|100%| O|  |TAMS 0x000000008e200000, 0x000000008e100000| Complete 
| 226|0x000000008e200000, 0x000000008e300000, 0x000000008e300000|100%| O|  |TAMS 0x000000008e300000, 0x000000008e200000| Untracked 
| 227|0x000000008e300000, 0x000000008e400000, 0x000000008e400000|100%| O|  |TAMS 0x000000008e400000, 0x000000008e300000| Untracked 
| 228|0x000000008e400000, 0x000000008e500000, 0x000000008e500000|100%| O|  |TAMS 0x000000008e500000, 0x000000008e400000| Complete 
| 229|0x000000008e500000, 0x000000008e580000, 0x000000008e600000| 50%| O|  |TAMS 0x000000008e580000, 0x000000008e500000| Untracked 
| 230|0x000000008e600000, 0x000000008e600000, 0x000000008e700000|  0%| F|  |TAMS 0x000000008e600000, 0x000000008e600000| Untracked 
| 231|0x000000008e700000, 0x000000008e700000, 0x000000008e800000|  0%| F|  |TAMS 0x000000008e700000, 0x000000008e700000| Untracked 
| 232|0x000000008e800000, 0x000000008e800000, 0x000000008e900000|  0%| F|  |TAMS 0x000000008e800000, 0x000000008e800000| Untracked 
| 233|0x000000008e900000, 0x000000008e900000, 0x000000008ea00000|  0%| F|  |TAMS 0x000000008e900000, 0x000000008e900000| Untracked 
| 234|0x000000008ea00000, 0x000000008ea00000, 0x000000008eb00000|  0%| F|  |TAMS 0x000000008ea00000, 0x000000008ea00000| Untracked 
| 235|0x000000008eb00000, 0x000000008eb00000, 0x000000008ec00000|  0%| F|  |TAMS 0x000000008eb00000, 0x000000008eb00000| Untracked 
| 236|0x000000008ec00000, 0x000000008ec00000, 0x000000008ed00000|  0%| F|  |TAMS 0x000000008ec00000, 0x000000008ec00000| Untracked 
| 237|0x000000008ed00000, 0x000000008ed00000, 0x000000008ee00000|  0%| F|  |TAMS 0x000000008ed00000, 0x000000008ed00000| Untracked 
| 238|0x000000008ee00000, 0x000000008ee00000, 0x000000008ef00000|  0%| F|  |TAMS 0x000000008ee00000, 0x000000008ee00000| Untracked 
| 239|0x000000008ef00000, 0x000000008ef00000, 0x000000008f000000|  0%| F|  |TAMS 0x000000008ef00000, 0x000000008ef00000| Untracked 
| 240|0x000000008f000000, 0x000000008f000000, 0x000000008f100000|  0%| F|  |TAMS 0x000000008f000000, 0x000000008f000000| Untracked 
| 241|0x000000008f100000, 0x000000008f100000, 0x000000008f200000|  0%| F|  |TAMS 0x000000008f100000, 0x000000008f100000| Untracked 
| 242|0x000000008f200000, 0x000000008f200000, 0x000000008f300000|  0%| F|  |TAMS 0x000000008f200000, 0x000000008f200000| Untracked 
| 243|0x000000008f300000, 0x000000008f300000, 0x000000008f400000|  0%| F|  |TAMS 0x000000008f300000, 0x000000008f300000| Untracked 
| 244|0x000000008f400000, 0x000000008f400000, 0x000000008f500000|  0%| F|  |TAMS 0x000000008f400000, 0x000000008f400000| Untracked 
| 245|0x000000008f500000, 0x000000008f500000, 0x000000008f600000|  0%| F|  |TAMS 0x000000008f500000, 0x000000008f500000| Untracked 
| 246|0x000000008f600000, 0x000000008f600000, 0x000000008f700000|  0%| F|  |TAMS 0x000000008f600000, 0x000000008f600000| Untracked 
| 247|0x000000008f700000, 0x000000008f700000, 0x000000008f800000|  0%| F|  |TAMS 0x000000008f700000, 0x000000008f700000| Untracked 
| 248|0x000000008f800000, 0x000000008f800000, 0x000000008f900000|  0%| F|  |TAMS 0x000000008f800000, 0x000000008f800000| Untracked 
| 249|0x000000008f900000, 0x000000008f900000, 0x000000008fa00000|  0%| F|  |TAMS 0x000000008f900000, 0x000000008f900000| Untracked 
| 250|0x000000008fa00000, 0x000000008fa00000, 0x000000008fb00000|  0%| F|  |TAMS 0x000000008fa00000, 0x000000008fa00000| Untracked 
| 251|0x000000008fb00000, 0x000000008fb00000, 0x000000008fc00000|  0%| F|  |TAMS 0x000000008fb00000, 0x000000008fb00000| Untracked 
| 252|0x000000008fc00000, 0x000000008fc00000, 0x000000008fd00000|  0%| F|  |TAMS 0x000000008fc00000, 0x000000008fc00000| Untracked 
| 253|0x000000008fd00000, 0x000000008fd00000, 0x000000008fe00000|  0%| F|  |TAMS 0x000000008fd00000, 0x000000008fd00000| Untracked 
| 254|0x000000008fe00000, 0x000000008fe00000, 0x000000008ff00000|  0%| F|  |TAMS 0x000000008fe00000, 0x000000008fe00000| Untracked 
| 255|0x000000008ff00000, 0x000000008ff00000, 0x0000000090000000|  0%| F|  |TAMS 0x000000008ff00000, 0x000000008ff00000| Untracked 
| 256|0x0000000090000000, 0x0000000090000000, 0x0000000090100000|  0%| F|  |TAMS 0x0000000090000000, 0x0000000090000000| Untracked 
| 257|0x0000000090100000, 0x0000000090100000, 0x0000000090200000|  0%| F|  |TAMS 0x0000000090100000, 0x0000000090100000| Untracked 
| 258|0x0000000090200000, 0x0000000090200000, 0x0000000090300000|  0%| F|  |TAMS 0x0000000090200000, 0x0000000090200000| Untracked 
| 259|0x0000000090300000, 0x0000000090300000, 0x0000000090400000|  0%| F|  |TAMS 0x0000000090300000, 0x0000000090300000| Untracked 
| 260|0x0000000090400000, 0x0000000090400000, 0x0000000090500000|  0%| F|  |TAMS 0x0000000090400000, 0x0000000090400000| Untracked 
| 261|0x0000000090500000, 0x0000000090500000, 0x0000000090600000|  0%| F|  |TAMS 0x0000000090500000, 0x0000000090500000| Untracked 
| 262|0x0000000090600000, 0x0000000090600000, 0x0000000090700000|  0%| F|  |TAMS 0x0000000090600000, 0x0000000090600000| Untracked 
| 263|0x0000000090700000, 0x0000000090700000, 0x0000000090800000|  0%| F|  |TAMS 0x0000000090700000, 0x0000000090700000| Untracked 
| 264|0x0000000090800000, 0x0000000090800000, 0x0000000090900000|  0%| F|  |TAMS 0x0000000090800000, 0x0000000090800000| Untracked 
| 265|0x0000000090900000, 0x0000000090900000, 0x0000000090a00000|  0%| F|  |TAMS 0x0000000090900000, 0x0000000090900000| Untracked 
| 266|0x0000000090a00000, 0x0000000090a00000, 0x0000000090b00000|  0%| F|  |TAMS 0x0000000090a00000, 0x0000000090a00000| Untracked 
| 267|0x0000000090b00000, 0x0000000090b00000, 0x0000000090c00000|  0%| F|  |TAMS 0x0000000090b00000, 0x0000000090b00000| Untracked 
| 268|0x0000000090c00000, 0x0000000090c00000, 0x0000000090d00000|  0%| F|  |TAMS 0x0000000090c00000, 0x0000000090c00000| Untracked 
| 269|0x0000000090d00000, 0x0000000090d00000, 0x0000000090e00000|  0%| F|  |TAMS 0x0000000090d00000, 0x0000000090d00000| Untracked 
| 270|0x0000000090e00000, 0x0000000090e00000, 0x0000000090f00000|  0%| F|  |TAMS 0x0000000090e00000, 0x0000000090e00000| Untracked 
| 271|0x0000000090f00000, 0x0000000090f00000, 0x0000000091000000|  0%| F|  |TAMS 0x0000000090f00000, 0x0000000090f00000| Untracked 
| 272|0x0000000091000000, 0x0000000091000000, 0x0000000091100000|  0%| F|  |TAMS 0x0000000091000000, 0x0000000091000000| Untracked 
| 273|0x0000000091100000, 0x0000000091100000, 0x0000000091200000|  0%| F|  |TAMS 0x0000000091100000, 0x0000000091100000| Untracked 
| 274|0x0000000091200000, 0x0000000091200000, 0x0000000091300000|  0%| F|  |TAMS 0x0000000091200000, 0x0000000091200000| Untracked 
| 275|0x0000000091300000, 0x00000000913783c0, 0x0000000091400000| 46%| S|CS|TAMS 0x0000000091300000, 0x0000000091300000| Complete 
| 276|0x0000000091400000, 0x0000000091400000, 0x0000000091500000|  0%| F|  |TAMS 0x0000000091400000, 0x0000000091400000| Untracked 
| 277|0x0000000091500000, 0x0000000091500000, 0x0000000091600000|  0%| F|  |TAMS 0x0000000091500000, 0x0000000091500000| Untracked 
| 278|0x0000000091600000, 0x0000000091600000, 0x0000000091700000|  0%| F|  |TAMS 0x0000000091600000, 0x0000000091600000| Untracked 
| 279|0x0000000091700000, 0x0000000091700000, 0x0000000091800000|  0%| F|  |TAMS 0x0000000091700000, 0x0000000091700000| Untracked 
| 280|0x0000000091800000, 0x0000000091800000, 0x0000000091900000|  0%| F|  |TAMS 0x0000000091800000, 0x0000000091800000| Untracked 
| 281|0x0000000091900000, 0x0000000091900000, 0x0000000091a00000|  0%| F|  |TAMS 0x0000000091900000, 0x0000000091900000| Untracked 
| 282|0x0000000091a00000, 0x0000000091a00000, 0x0000000091b00000|  0%| F|  |TAMS 0x0000000091a00000, 0x0000000091a00000| Untracked 
| 283|0x0000000091b00000, 0x0000000091b00000, 0x0000000091c00000|  0%| F|  |TAMS 0x0000000091b00000, 0x0000000091b00000| Untracked 
| 284|0x0000000091c00000, 0x0000000091c00000, 0x0000000091d00000|  0%| F|  |TAMS 0x0000000091c00000, 0x0000000091c00000| Untracked 
| 285|0x0000000091d00000, 0x0000000091d00000, 0x0000000091e00000|  0%| F|  |TAMS 0x0000000091d00000, 0x0000000091d00000| Untracked 
| 286|0x0000000091e00000, 0x0000000091e00000, 0x0000000091f00000|  0%| F|  |TAMS 0x0000000091e00000, 0x0000000091e00000| Untracked 
| 287|0x0000000091f00000, 0x0000000091f00000, 0x0000000092000000|  0%| F|  |TAMS 0x0000000091f00000, 0x0000000091f00000| Untracked 
| 288|0x0000000092000000, 0x0000000092000000, 0x0000000092100000|  0%| F|  |TAMS 0x0000000092000000, 0x0000000092000000| Untracked 
| 289|0x0000000092100000, 0x0000000092100000, 0x0000000092200000|  0%| F|  |TAMS 0x0000000092100000, 0x0000000092100000| Untracked 
| 290|0x0000000092200000, 0x0000000092200000, 0x0000000092300000|  0%| F|  |TAMS 0x0000000092200000, 0x0000000092200000| Untracked 
| 291|0x0000000092300000, 0x0000000092300000, 0x0000000092400000|  0%| F|  |TAMS 0x0000000092300000, 0x0000000092300000| Untracked 
| 292|0x0000000092400000, 0x0000000092400000, 0x0000000092500000|  0%| F|  |TAMS 0x0000000092400000, 0x0000000092400000| Untracked 
| 293|0x0000000092500000, 0x0000000092500000, 0x0000000092600000|  0%| F|  |TAMS 0x0000000092500000, 0x0000000092500000| Untracked 
| 294|0x0000000092600000, 0x0000000092600000, 0x0000000092700000|  0%| F|  |TAMS 0x0000000092600000, 0x0000000092600000| Untracked 
| 295|0x0000000092700000, 0x0000000092700000, 0x0000000092800000|  0%| F|  |TAMS 0x0000000092700000, 0x0000000092700000| Untracked 
| 296|0x0000000092800000, 0x0000000092800000, 0x0000000092900000|  0%| F|  |TAMS 0x0000000092800000, 0x0000000092800000| Untracked 
| 297|0x0000000092900000, 0x0000000092900000, 0x0000000092a00000|  0%| F|  |TAMS 0x0000000092900000, 0x0000000092900000| Untracked 
| 298|0x0000000092a00000, 0x0000000092a00000, 0x0000000092b00000|  0%| F|  |TAMS 0x0000000092a00000, 0x0000000092a00000| Untracked 
| 299|0x0000000092b00000, 0x0000000092b00000, 0x0000000092c00000|  0%| F|  |TAMS 0x0000000092b00000, 0x0000000092b00000| Untracked 
| 300|0x0000000092c00000, 0x0000000092c00000, 0x0000000092d00000|  0%| F|  |TAMS 0x0000000092c00000, 0x0000000092c00000| Untracked 
| 301|0x0000000092d00000, 0x0000000092d00000, 0x0000000092e00000|  0%| F|  |TAMS 0x0000000092d00000, 0x0000000092d00000| Untracked 
| 302|0x0000000092e00000, 0x0000000092e00000, 0x0000000092f00000|  0%| F|  |TAMS 0x0000000092e00000, 0x0000000092e00000| Untracked 
| 303|0x0000000092f00000, 0x0000000092f00000, 0x0000000093000000|  0%| F|  |TAMS 0x0000000092f00000, 0x0000000092f00000| Untracked 
| 304|0x0000000093000000, 0x0000000093000000, 0x0000000093100000|  0%| F|  |TAMS 0x0000000093000000, 0x0000000093000000| Untracked 
| 305|0x0000000093100000, 0x0000000093100000, 0x0000000093200000|  0%| F|  |TAMS 0x0000000093100000, 0x0000000093100000| Untracked 
| 306|0x0000000093200000, 0x0000000093200000, 0x0000000093300000|  0%| F|  |TAMS 0x0000000093200000, 0x0000000093200000| Untracked 
| 307|0x0000000093300000, 0x0000000093300000, 0x0000000093400000|  0%| F|  |TAMS 0x0000000093300000, 0x0000000093300000| Untracked 
| 308|0x0000000093400000, 0x0000000093400000, 0x0000000093500000|  0%| F|  |TAMS 0x0000000093400000, 0x0000000093400000| Untracked 
| 309|0x0000000093500000, 0x0000000093500000, 0x0000000093600000|  0%| F|  |TAMS 0x0000000093500000, 0x0000000093500000| Untracked 
| 310|0x0000000093600000, 0x0000000093600000, 0x0000000093700000|  0%| F|  |TAMS 0x0000000093600000, 0x0000000093600000| Untracked 
| 311|0x0000000093700000, 0x0000000093700000, 0x0000000093800000|  0%| F|  |TAMS 0x0000000093700000, 0x0000000093700000| Untracked 
| 312|0x0000000093800000, 0x0000000093800000, 0x0000000093900000|  0%| F|  |TAMS 0x0000000093800000, 0x0000000093800000| Untracked 
| 313|0x0000000093900000, 0x0000000093900800, 0x0000000093a00000|  0%| E|  |TAMS 0x0000000093900000, 0x0000000093900000| Complete 
| 314|0x0000000093a00000, 0x0000000093b00000, 0x0000000093b00000|100%| E|CS|TAMS 0x0000000093a00000, 0x0000000093a00000| Complete 
| 315|0x0000000093b00000, 0x0000000093c00000, 0x0000000093c00000|100%| E|CS|TAMS 0x0000000093b00000, 0x0000000093b00000| Complete 
| 316|0x0000000093c00000, 0x0000000093d00000, 0x0000000093d00000|100%| E|CS|TAMS 0x0000000093c00000, 0x0000000093c00000| Complete 
| 317|0x0000000093d00000, 0x0000000093e00000, 0x0000000093e00000|100%| E|CS|TAMS 0x0000000093d00000, 0x0000000093d00000| Complete 
| 318|0x0000000093e00000, 0x0000000093f00000, 0x0000000093f00000|100%| E|CS|TAMS 0x0000000093e00000, 0x0000000093e00000| Complete 
| 319|0x0000000093f00000, 0x0000000094000000, 0x0000000094000000|100%| E|CS|TAMS 0x0000000093f00000, 0x0000000093f00000| Complete 
| 320|0x0000000094000000, 0x0000000094100000, 0x0000000094100000|100%| E|CS|TAMS 0x0000000094000000, 0x0000000094000000| Complete 
| 321|0x0000000094100000, 0x0000000094200000, 0x0000000094200000|100%| E|CS|TAMS 0x0000000094100000, 0x0000000094100000| Complete 
| 322|0x0000000094200000, 0x0000000094300000, 0x0000000094300000|100%| E|CS|TAMS 0x0000000094200000, 0x0000000094200000| Complete 
| 323|0x0000000094300000, 0x0000000094400000, 0x0000000094400000|100%| E|CS|TAMS 0x0000000094300000, 0x0000000094300000| Complete 
| 324|0x0000000094400000, 0x0000000094500000, 0x0000000094500000|100%| E|CS|TAMS 0x0000000094400000, 0x0000000094400000| Complete 
| 325|0x0000000094500000, 0x0000000094600000, 0x0000000094600000|100%| E|CS|TAMS 0x0000000094500000, 0x0000000094500000| Complete 
| 326|0x0000000094600000, 0x0000000094700000, 0x0000000094700000|100%| E|CS|TAMS 0x0000000094600000, 0x0000000094600000| Complete 
| 327|0x0000000094700000, 0x0000000094800000, 0x0000000094800000|100%| E|CS|TAMS 0x0000000094700000, 0x0000000094700000| Complete 
| 328|0x0000000094800000, 0x0000000094900000, 0x0000000094900000|100%| E|CS|TAMS 0x0000000094800000, 0x0000000094800000| Complete 
| 329|0x0000000094900000, 0x0000000094a00000, 0x0000000094a00000|100%| E|CS|TAMS 0x0000000094900000, 0x0000000094900000| Complete 
| 330|0x0000000094a00000, 0x0000000094b00000, 0x0000000094b00000|100%| E|CS|TAMS 0x0000000094a00000, 0x0000000094a00000| Complete 
| 331|0x0000000094b00000, 0x0000000094c00000, 0x0000000094c00000|100%| E|CS|TAMS 0x0000000094b00000, 0x0000000094b00000| Complete 
| 332|0x0000000094c00000, 0x0000000094d00000, 0x0000000094d00000|100%| E|CS|TAMS 0x0000000094c00000, 0x0000000094c00000| Complete 
| 333|0x0000000094d00000, 0x0000000094e00000, 0x0000000094e00000|100%| E|CS|TAMS 0x0000000094d00000, 0x0000000094d00000| Complete 

Card table byte_map: [0x0000025e43480000,0x0000025e43880000] _byte_map_base: 0x0000025e43080000

Marking Bits (Prev, Next): (CMBitMap*) 0x0000025e305965a8, (CMBitMap*) 0x0000025e305965e0
 Prev Bits: [0x0000025e43c80000, 0x0000025e45c80000)
 Next Bits: [0x0000025e45c80000, 0x0000025e47c80000)

Polling page: 0x0000025e2fd30000

Metaspace:

Usage:
  Non-class:    136.17 MB capacity,   133.47 MB ( 98%) used,     2.16 MB (  2%) free+waste,   556.88 KB ( <1%) overhead. 
      Class:     20.36 MB capacity,    18.73 MB ( 92%) used,     1.40 MB (  7%) free+waste,   239.25 KB (  1%) overhead. 
       Both:    156.53 MB capacity,   152.20 MB ( 97%) used,     3.55 MB (  2%) free+waste,   796.12 KB ( <1%) overhead. 

Virtual space:
  Non-class space:      138.00 MB reserved,     136.33 MB ( 99%) committed 
      Class space:        1.00 GB reserved,      20.38 MB (  2%) committed 
             Both:        1.13 GB reserved,     156.70 MB ( 13%) committed 

Chunk freelists:
   Non-Class:  33.00 KB
       Class:  0 bytes
        Both:  33.00 KB

MaxMetaspaceSize: 17179869184.00 GB
CompressedClassSpaceSize: 1.00 GB
Initial GC threshold: 20.80 MB
Current GC threshold: 261.17 MB
CDS: off

CodeHeap 'non-profiled nmethods': size=120064Kb used=21266Kb max_used=21570Kb free=98797Kb
 bounds [0x0000025e3bb40000, 0x0000025e3d070000, 0x0000025e43080000]
CodeHeap 'profiled nmethods': size=120000Kb used=57011Kb max_used=58994Kb free=62988Kb
 bounds [0x0000025e34610000, 0x0000025e38210000, 0x0000025e3bb40000]
CodeHeap 'non-nmethods': size=5696Kb used=2546Kb max_used=2619Kb free=3149Kb
 bounds [0x0000025e34080000, 0x0000025e34320000, 0x0000025e34610000]
 total_blobs=25136 nmethods=24037 adapters=1008
 compilation: enabled
              stopped_count=0, restarted_count=0
 full_count=0

Compilation events (20 events):
Event: 7341.727 Thread 0x0000025e4a710800 30163 %     3       com.android.tools.r8.internal.Zo::a @ 35 (132 bytes)
Event: 7341.729 Thread 0x0000025e4a710800 nmethod 30163% 0x0000025e360b3210 code [0x0000025e360b36a0, 0x0000025e360b5d68]
Event: 7341.729 Thread 0x0000025e4a710800 30164       3       com.android.tools.r8.internal.Zo::a (132 bytes)
Event: 7341.732 Thread 0x0000025e4a710800 nmethod 30164 0x0000025e375df690 code [0x0000025e375dfb20, 0x0000025e375e20f8]
Event: 7341.789 Thread 0x0000025e4a6cc000 nmethod 29941% 0x0000025e3ca9ef90 code [0x0000025e3ca9f640, 0x0000025e3caa65e0]
Event: 7341.790 Thread 0x0000025e4a6cc000 30152       4       com.android.tools.r8.internal.uc::n (466 bytes)
Event: 7342.221 Thread 0x0000025e4a6cc000 nmethod 30152 0x0000025e3cba1a10 code [0x0000025e3cba2000, 0x0000025e3cba8190]
Event: 7342.222 Thread 0x0000025e4a6cc000 30159       4       com.android.tools.r8.internal.uc::l (1053 bytes)
Event: 7342.348 Thread 0x0000025e4a710800 30167       2       com.android.tools.r8.internal.No::b (49 bytes)
Event: 7342.349 Thread 0x0000025e4a710800 nmethod 30167 0x0000025e34c4e890 code [0x0000025e34c4eaa0, 0x0000025e34c4ed38]
Event: 7342.358 Thread 0x0000025e4a710800 30168       2       com.android.tools.r8.internal.y7::u (2 bytes)
Event: 7342.358 Thread 0x0000025e4a710800 nmethod 30168 0x0000025e3654f190 code [0x0000025e3654f340, 0x0000025e3654f438]
Event: 7342.358 Thread 0x0000025e4a710800 30169       2       com.android.tools.r8.internal.y7::a (29 bytes)
Event: 7342.359 Thread 0x0000025e4a710800 nmethod 30169 0x0000025e35d56a90 code [0x0000025e35d56c60, 0x0000025e35d56dd8]
Event: 7342.370 Thread 0x0000025e4a710800 30170       2       com.android.tools.r8.internal.jv::<init> (23 bytes)
Event: 7342.370 Thread 0x0000025e4a710800 nmethod 30170 0x0000025e34ea6490 code [0x0000025e34ea6680, 0x0000025e34ea6a48]
Event: 7342.370 Thread 0x0000025e4a710800 30171       2       com.android.tools.r8.internal.L4::a (387 bytes)
Event: 7342.372 Thread 0x0000025e4a710800 nmethod 30171 0x0000025e36034a90 code [0x0000025e36034e20, 0x0000025e360360e8]
Event: 7342.372 Thread 0x0000025e4a710800 30172       2       com.android.tools.r8.internal.xf::a (409 bytes)
Event: 7342.374 Thread 0x0000025e4a710800 nmethod 30172 0x0000025e37902e90 code [0x0000025e379032a0, 0x0000025e37904458]

GC Heap History (20 events):
Event: 7333.237 GC heap before
{Heap before GC invocations=233 (full 0):
 garbage-first heap   total 342016K, used 296296K [0x0000000080000000, 0x0000000100000000)
  region size 1024K, 74 young (75776K), 1 survivors (1024K)
 Metaspace       used 155749K, capacity 160186K, committed 160464K, reserved 1189888K
  class space    used 19170K, capacity 20836K, committed 20864K, reserved 1048576K
}
Event: 7333.249 GC heap after
{Heap after GC invocations=234 (full 0):
 garbage-first heap   total 342016K, used 222168K [0x0000000080000000, 0x0000000100000000)
  region size 1024K, 2 young (2048K), 2 survivors (2048K)
 Metaspace       used 155749K, capacity 160186K, committed 160464K, reserved 1189888K
  class space    used 19170K, capacity 20836K, committed 20864K, reserved 1048576K
}
Event: 7335.234 GC heap before
{Heap before GC invocations=235 (full 0):
 garbage-first heap   total 342016K, used 296920K [0x0000000080000000, 0x0000000100000000)
  region size 1024K, 75 young (76800K), 2 survivors (2048K)
 Metaspace       used 155790K, capacity 160206K, committed 160464K, reserved 1189888K
  class space    used 19172K, capacity 20840K, committed 20864K, reserved 1048576K
}
Event: 7335.239 GC heap after
{Heap after GC invocations=236 (full 0):
 garbage-first heap   total 342016K, used 221590K [0x0000000080000000, 0x0000000100000000)
  region size 1024K, 1 young (1024K), 1 survivors (1024K)
 Metaspace       used 155790K, capacity 160206K, committed 160464K, reserved 1189888K
  class space    used 19172K, capacity 20840K, committed 20864K, reserved 1048576K
}
Event: 7335.581 GC heap before
{Heap before GC invocations=236 (full 0):
 garbage-first heap   total 342016K, used 235926K [0x0000000080000000, 0x0000000100000000)
  region size 1024K, 16 young (16384K), 1 survivors (1024K)
 Metaspace       used 155801K, capacity 160212K, committed 160464K, reserved 1189888K
  class space    used 19173K, capacity 20842K, committed 20864K, reserved 1048576K
}
Event: 7335.588 GC heap after
{Heap after GC invocations=237 (full 0):
 garbage-first heap   total 342016K, used 217778K [0x0000000080000000, 0x0000000100000000)
  region size 1024K, 2 young (2048K), 2 survivors (2048K)
 Metaspace       used 155801K, capacity 160212K, committed 160464K, reserved 1189888K
  class space    used 19173K, capacity 20842K, committed 20864K, reserved 1048576K
}
Event: 7337.403 GC heap before
{Heap before GC invocations=237 (full 0):
 garbage-first heap   total 342016K, used 295602K [0x0000000080000000, 0x0000000100000000)
  region size 1024K, 78 young (79872K), 2 survivors (2048K)
 Metaspace       used 155815K, capacity 160280K, committed 160464K, reserved 1189888K
  class space    used 19174K, capacity 20843K, committed 20864K, reserved 1048576K
}
Event: 7337.411 GC heap after
{Heap after GC invocations=238 (full 0):
 garbage-first heap   total 342016K, used 218124K [0x0000000080000000, 0x0000000100000000)
  region size 1024K, 2 young (2048K), 2 survivors (2048K)
 Metaspace       used 155815K, capacity 160280K, committed 160464K, reserved 1189888K
  class space    used 19174K, capacity 20843K, committed 20864K, reserved 1048576K
}
Event: 7340.031 GC heap before
{Heap before GC invocations=239 (full 0):
 garbage-first heap   total 342016K, used 296972K [0x0000000080000000, 0x0000000100000000)
  region size 1024K, 79 young (80896K), 2 survivors (2048K)
 Metaspace       used 155826K, capacity 160283K, committed 160464K, reserved 1189888K
  class space    used 19174K, capacity 20844K, committed 20864K, reserved 1048576K
}
Event: 7340.036 GC heap after
{Heap after GC invocations=240 (full 0):
 garbage-first heap   total 342016K, used 217671K [0x0000000080000000, 0x0000000100000000)
  region size 1024K, 2 young (2048K), 2 survivors (2048K)
 Metaspace       used 155826K, capacity 160283K, committed 160464K, reserved 1189888K
  class space    used 19174K, capacity 20844K, committed 20864K, reserved 1048576K
}
Event: 7340.098 GC heap before
{Heap before GC invocations=240 (full 0):
 garbage-first heap   total 342016K, used 232007K [0x0000000080000000, 0x0000000100000000)
  region size 1024K, 16 young (16384K), 2 survivors (2048K)
 Metaspace       used 155827K, capacity 160283K, committed 160464K, reserved 1189888K
  class space    used 19174K, capacity 20844K, committed 20864K, reserved 1048576K
}
Event: 7340.102 GC heap after
{Heap after GC invocations=241 (full 0):
 garbage-first heap   total 342016K, used 215611K [0x0000000080000000, 0x0000000100000000)
  region size 1024K, 1 young (1024K), 1 survivors (1024K)
 Metaspace       used 155827K, capacity 160283K, committed 160464K, reserved 1189888K
  class space    used 19174K, capacity 20844K, committed 20864K, reserved 1048576K
}
Event: 7340.629 GC heap before
{Heap before GC invocations=241 (full 0):
 garbage-first heap   total 342016K, used 297531K [0x0000000080000000, 0x0000000100000000)
  region size 1024K, 81 young (82944K), 1 survivors (1024K)
 Metaspace       used 155839K, capacity 160283K, committed 160464K, reserved 1189888K
  class space    used 19174K, capacity 20844K, committed 20864K, reserved 1048576K
}
Event: 7340.681 GC heap after
{Heap after GC invocations=242 (full 0):
 garbage-first heap   total 342016K, used 230935K [0x0000000080000000, 0x0000000100000000)
  region size 1024K, 11 young (11264K), 11 survivors (11264K)
 Metaspace       used 155839K, capacity 160283K, committed 160464K, reserved 1189888K
  class space    used 19174K, capacity 20844K, committed 20864K, reserved 1048576K
}
Event: 7341.470 GC heap before
{Heap before GC invocations=243 (full 0):
 garbage-first heap   total 342016K, used 291351K [0x0000000080000000, 0x0000000100000000)
  region size 1024K, 70 young (71680K), 11 survivors (11264K)
 Metaspace       used 155841K, capacity 160283K, committed 160464K, reserved 1189888K
  class space    used 19174K, capacity 20844K, committed 20864K, reserved 1048576K
}
Event: 7341.496 GC heap after
{Heap after GC invocations=244 (full 0):
 garbage-first heap   total 342016K, used 234239K [0x0000000080000000, 0x0000000100000000)
  region size 1024K, 4 young (4096K), 4 survivors (4096K)
 Metaspace       used 155841K, capacity 160283K, committed 160464K, reserved 1189888K
  class space    used 19174K, capacity 20844K, committed 20864K, reserved 1048576K
}
Event: 7341.544 GC heap before
{Heap before GC invocations=244 (full 0):
 garbage-first heap   total 342016K, used 246527K [0x0000000080000000, 0x0000000100000000)
  region size 1024K, 16 young (16384K), 4 survivors (4096K)
 Metaspace       used 155842K, capacity 160283K, committed 160464K, reserved 1189888K
  class space    used 19174K, capacity 20844K, committed 20864K, reserved 1048576K
}
Event: 7341.559 GC heap after
{Heap after GC invocations=245 (full 0):
 garbage-first heap   total 342016K, used 234918K [0x0000000080000000, 0x0000000100000000)
  region size 1024K, 1 young (1024K), 1 survivors (1024K)
 Metaspace       used 155842K, capacity 160283K, committed 160464K, reserved 1189888K
  class space    used 19174K, capacity 20844K, committed 20864K, reserved 1048576K
}
Event: 7341.935 GC heap before
{Heap before GC invocations=245 (full 0):
 garbage-first heap   total 342016K, used 293286K [0x0000000080000000, 0x0000000100000000)
  region size 1024K, 58 young (59392K), 1 survivors (1024K)
 Metaspace       used 155843K, capacity 160283K, committed 160464K, reserved 1189888K
  class space    used 19174K, capacity 20844K, committed 20864K, reserved 1048576K
}
Event: 7341.941 GC heap after
{Heap after GC invocations=246 (full 0):
 garbage-first heap   total 342016K, used 234464K [0x0000000080000000, 0x0000000100000000)
  region size 1024K, 1 young (1024K), 1 survivors (1024K)
 Metaspace       used 155843K, capacity 160283K, committed 160464K, reserved 1189888K
  class space    used 19174K, capacity 20844K, committed 20864K, reserved 1048576K
}

Deoptimization events (20 events):
Event: 7341.732 Thread 0x0000025e5082b000 DEOPT PACKING pc=0x0000025e37ed229f sp=0x000000f929bf5ef0
Event: 7341.732 Thread 0x0000025e5082b000 DEOPT UNPACKING pc=0x0000025e340ca95e sp=0x000000f929bf54b8 mode 0
Event: 7341.737 Thread 0x0000025e5082b000 DEOPT PACKING pc=0x0000025e38181087 sp=0x000000f929bf5160
Event: 7341.737 Thread 0x0000025e5082b000 DEOPT UNPACKING pc=0x0000025e340ca95e sp=0x000000f929bf4a50 mode 0
Event: 7341.785 Thread 0x0000025e5082b000 DEOPT PACKING pc=0x0000025e35225977 sp=0x000000f929bf53d0
Event: 7341.785 Thread 0x0000025e5082b000 DEOPT UNPACKING pc=0x0000025e340ca95e sp=0x000000f929bf4998 mode 0
Event: 7341.866 Thread 0x0000025e5082b000 DEOPT PACKING pc=0x0000025e3816364f sp=0x000000f929bf4e10
Event: 7341.866 Thread 0x0000025e5082b000 DEOPT UNPACKING pc=0x0000025e340ca95e sp=0x000000f929bf4668 mode 0
Event: 7341.874 Thread 0x0000025e5082b000 DEOPT PACKING pc=0x0000025e353f6c2e sp=0x000000f929bf50c0
Event: 7341.874 Thread 0x0000025e5082b000 DEOPT UNPACKING pc=0x0000025e340ca95e sp=0x000000f929bf4678 mode 0
Event: 7341.927 Thread 0x0000025e5082b000 DEOPT PACKING pc=0x0000025e3794b47f sp=0x000000f929bf4d90
Event: 7341.927 Thread 0x0000025e5082b000 DEOPT UNPACKING pc=0x0000025e340ca95e sp=0x000000f929bf4550 mode 0
Event: 7342.349 Thread 0x0000025e5082b000 DEOPT PACKING pc=0x0000025e381da364 sp=0x000000f929bf50d0
Event: 7342.349 Thread 0x0000025e5082b000 DEOPT UNPACKING pc=0x0000025e340ca95e sp=0x000000f929bf4a88 mode 0
Event: 7342.369 Thread 0x0000025e5082b000 Uncommon trap: trap_request=0xffffffde fr.pc=0x0000025e3c31fbe0 relative=0x0000000000000820
Event: 7342.369 Thread 0x0000025e5082b000 Uncommon trap: reason=class_check action=maybe_recompile pc=0x0000025e3c31fbe0 method=com.android.tools.r8.internal.xf.a(Lcom/android/tools/r8/internal/Ro;)Z @ 348 c2
Event: 7342.369 Thread 0x0000025e5082b000 DEOPT PACKING pc=0x0000025e3c31fbe0 sp=0x000000f929bf5430
Event: 7342.369 Thread 0x0000025e5082b000 DEOPT UNPACKING pc=0x0000025e340ca1af sp=0x000000f929bf53d8 mode 2
Event: 7342.375 Thread 0x0000025e5082b000 DEOPT PACKING pc=0x0000025e355660ef sp=0x000000f929bf4f10
Event: 7342.375 Thread 0x0000025e5082b000 DEOPT UNPACKING pc=0x0000025e340ca95e sp=0x000000f929bf4570 mode 0

Classes redefined (0 events):
No events

Internal exceptions (20 events):
Event: 7334.526 Thread 0x0000025e5082b000 Exception <a 'sun/nio/fs/WindowsException'{0x0000000093476678}> (0x0000000093476678) thrown at [src/hotspot/share/prims/jni.cpp, line 617]
Event: 7334.663 Thread 0x0000025e5082b000 Exception <a 'sun/nio/fs/WindowsException'{0x00000000932323a0}> (0x00000000932323a0) thrown at [src/hotspot/share/prims/jni.cpp, line 617]
Event: 7334.939 Thread 0x0000025e5082b000 Implicit null exception at 0x0000025e3c9bdb6f to 0x0000025e3c9bdcb0
Event: 7334.961 Thread 0x0000025e5082b000 Exception <a 'sun/nio/fs/WindowsException'{0x000000009128b740}> (0x000000009128b740) thrown at [src/hotspot/share/prims/jni.cpp, line 617]
Event: 7335.075 Thread 0x0000025e5082b000 Exception <a 'sun/nio/fs/WindowsException'{0x000000009113de18}> (0x000000009113de18) thrown at [src/hotspot/share/prims/jni.cpp, line 617]
Event: 7335.138 Thread 0x0000025e5082b000 Exception <a 'sun/nio/fs/WindowsException'{0x0000000090710a28}> (0x0000000090710a28) thrown at [src/hotspot/share/prims/jni.cpp, line 617]
Event: 7335.221 Thread 0x0000025e5082b000 Exception <a 'sun/nio/fs/WindowsException'{0x00000000907d80d8}> (0x00000000907d80d8) thrown at [src/hotspot/share/prims/jni.cpp, line 617]
Event: 7335.276 Thread 0x0000025e5082b000 Exception <a 'sun/nio/fs/WindowsException'{0x00000000948e9fb0}> (0x00000000948e9fb0) thrown at [src/hotspot/share/prims/jni.cpp, line 617]
Event: 7335.482 Thread 0x0000025e5082b000 Exception <a 'sun/nio/fs/WindowsException'{0x0000000094630ea0}> (0x0000000094630ea0) thrown at [src/hotspot/share/prims/jni.cpp, line 617]
Event: 7335.737 Thread 0x0000025e5082b000 Exception <a 'sun/nio/fs/WindowsException'{0x0000000092c63848}> (0x0000000092c63848) thrown at [src/hotspot/share/prims/jni.cpp, line 617]
Event: 7336.202 Thread 0x0000025e5082b000 Exception <a 'sun/nio/fs/WindowsException'{0x0000000092ccf450}> (0x0000000092ccf450) thrown at [src/hotspot/share/prims/jni.cpp, line 617]
Event: 7336.209 Thread 0x0000025e5082b000 Exception <a 'sun/nio/fs/WindowsException'{0x0000000092b8d368}> (0x0000000092b8d368) thrown at [src/hotspot/share/prims/jni.cpp, line 617]
Event: 7337.035 Thread 0x0000025e5082b000 Exception <a 'sun/nio/fs/WindowsException'{0x000000009295f088}> (0x000000009295f088) thrown at [src/hotspot/share/prims/jni.cpp, line 617]
Event: 7337.965 Thread 0x0000025e5082b000 Exception <a 'sun/nio/fs/WindowsException'{0x00000000933ab448}> (0x00000000933ab448) thrown at [src/hotspot/share/prims/jni.cpp, line 617]
Event: 7339.050 Thread 0x0000025e5082b000 Exception <a 'sun/nio/fs/WindowsException'{0x0000000093290ee0}> (0x0000000093290ee0) thrown at [src/hotspot/share/prims/jni.cpp, line 617]
Event: 7339.350 Thread 0x0000025e5082b000 Exception <a 'sun/nio/fs/WindowsException'{0x0000000090a90890}> (0x0000000090a90890) thrown at [src/hotspot/share/prims/jni.cpp, line 617]
Event: 7339.980 Thread 0x0000025e5082b000 Exception <a 'sun/nio/fs/WindowsException'{0x000000009096f710}> (0x000000009096f710) thrown at [src/hotspot/share/prims/jni.cpp, line 617]
Event: 7340.020 Thread 0x0000025e5082b000 Implicit null exception at 0x0000025e3cfd8cf0 to 0x0000025e3cfdccac
Event: 7340.131 Thread 0x0000025e5082b000 Exception <a 'sun/nio/fs/WindowsException'{0x000000009465a220}> (0x000000009465a220) thrown at [src/hotspot/share/prims/jni.cpp, line 617]
Event: 7340.390 Thread 0x0000025e5082b000 Exception <a 'sun/nio/fs/WindowsException'{0x0000000093118ca8}> (0x0000000093118ca8) thrown at [src/hotspot/share/prims/jni.cpp, line 617]

Events (20 events):
Event: 7340.031 Executing VM operation: G1CollectForAllocation
Event: 7340.036 Executing VM operation: G1CollectForAllocation done
Event: 7340.097 Executing VM operation: G1CollectForAllocation
Event: 7340.102 Executing VM operation: G1CollectForAllocation done
Event: 7340.629 Executing VM operation: G1CollectForAllocation
Event: 7340.681 Executing VM operation: G1CollectForAllocation done
Event: 7340.877 Executing VM operation: CGC_Operation
Event: 7340.928 Executing VM operation: CGC_Operation done
Event: 7341.034 Executing VM operation: CGC_Operation
Event: 7341.034 Executing VM operation: CGC_Operation done
Event: 7341.470 Executing VM operation: G1CollectForAllocation
Event: 7341.496 Executing VM operation: G1CollectForAllocation done
Event: 7341.544 Executing VM operation: G1CollectForAllocation
Event: 7341.559 Executing VM operation: G1CollectForAllocation done
Event: 7341.934 Executing VM operation: G1CollectForAllocation
Event: 7341.941 Executing VM operation: G1CollectForAllocation done
Event: 7342.160 Executing VM operation: CGC_Operation
Event: 7342.206 Executing VM operation: CGC_Operation done
Event: 7342.338 Executing VM operation: CGC_Operation
Event: 7342.342 Executing VM operation: CGC_Operation done


Dynamic libraries:
0x00007ff67ee70000 - 0x00007ff67ee7a000 	C:\Program Files\Android\Android Studio\jbr\bin\java.exe
0x00007fffc7790000 - 0x00007fffc7988000 	C:\WINDOWS\SYSTEM32\ntdll.dll
0x00007fffc6ba0000 - 0x00007fffc6c5f000 	C:\WINDOWS\System32\KERNEL32.DLL
0x00007fffc5020000 - 0x00007fffc5316000 	C:\WINDOWS\System32\KERNELBASE.dll
0x00007fffc4e70000 - 0x00007fffc4f70000 	C:\WINDOWS\System32\ucrtbase.dll
0x00007fffbcfd0000 - 0x00007fffbcfe7000 	C:\Program Files\Android\Android Studio\jbr\bin\jli.dll
0x00007fffc6cd0000 - 0x00007fffc6e6d000 	C:\WINDOWS\System32\USER32.dll
0x00007fffc4f70000 - 0x00007fffc4f92000 	C:\WINDOWS\System32\win32u.dll
0x00007fffc62f0000 - 0x00007fffc631c000 	C:\WINDOWS\System32\GDI32.dll
0x00007fffc55d0000 - 0x00007fffc56e5000 	C:\WINDOWS\System32\gdi32full.dll
0x00007fffc53d0000 - 0x00007fffc546d000 	C:\WINDOWS\System32\msvcp_win.dll
0x00007fffb4b20000 - 0x00007fffb4dba000 	C:\WINDOWS\WinSxS\amd64_microsoft.windows.common-controls_6595b64144ccf1df_6.0.19041.1110_none_60b5254171f9507e\COMCTL32.dll
0x00007fffc66e0000 - 0x00007fffc677e000 	C:\WINDOWS\System32\msvcrt.dll
0x00007fffbcc20000 - 0x00007fffbcc3b000 	C:\Program Files\Android\Android Studio\jbr\bin\VCRUNTIME140.dll
0x00007fffc5f50000 - 0x00007fffc5f80000 	C:\WINDOWS\System32\IMM32.DLL
0x00007fffb1390000 - 0x00007fffb141d000 	C:\Program Files\Android\Android Studio\jbr\bin\msvcp140.dll
0x00007fffb1880000 - 0x00007fffb188c000 	C:\WINDOWS\SYSTEM32\VCRUNTIME140_1.dll
0x00007fff76240000 - 0x00007fff76dfc000 	C:\Program Files\Android\Android Studio\jbr\bin\server\jvm.dll
0x00007fffc6550000 - 0x00007fffc65ff000 	C:\WINDOWS\System32\ADVAPI32.dll
0x00007fffc6380000 - 0x00007fffc641c000 	C:\WINDOWS\System32\sechost.dll
0x00007fffc75c0000 - 0x00007fffc76e6000 	C:\WINDOWS\System32\RPCRT4.dll
0x00007fffc5f40000 - 0x00007fffc5f48000 	C:\WINDOWS\System32\PSAPI.DLL
0x00007fffbf880000 - 0x00007fffbf889000 	C:\WINDOWS\SYSTEM32\WSOCK32.dll
0x00007fffbbb60000 - 0x00007fffbbb87000 	C:\WINDOWS\SYSTEM32\WINMM.dll
0x00007fffc6c60000 - 0x00007fffc6ccb000 	C:\WINDOWS\System32\WS2_32.dll
0x00007fffbbb90000 - 0x00007fffbbb9a000 	C:\WINDOWS\SYSTEM32\VERSION.dll
0x00007fffc36c0000 - 0x00007fffc36d2000 	C:\WINDOWS\SYSTEM32\kernel.appcore.dll
0x00007fffbde50000 - 0x00007fffbde60000 	C:\Program Files\Android\Android Studio\jbr\bin\verify.dll
0x00007fffc34b0000 - 0x00007fffc3694000 	C:\WINDOWS\SYSTEM32\DBGHELP.DLL
0x00007fffaf0d0000 - 0x00007fffaf104000 	C:\WINDOWS\SYSTEM32\dbgcore.DLL
0x00007fffc5760000 - 0x00007fffc57e2000 	C:\WINDOWS\System32\bcryptPrimitives.dll
0x00007fffbcbb0000 - 0x00007fffbcbd8000 	C:\Program Files\Android\Android Studio\jbr\bin\java.dll
0x00007fffbdd70000 - 0x00007fffbdd7a000 	C:\Program Files\Android\Android Studio\jbr\bin\jimage.dll
0x00007fffbc9b0000 - 0x00007fffbc9c8000 	C:\Program Files\Android\Android Studio\jbr\bin\zip.dll
0x00007fffc57f0000 - 0x00007fffc5f34000 	C:\WINDOWS\System32\SHELL32.dll
0x00007fffc2bd0000 - 0x00007fffc3363000 	C:\WINDOWS\SYSTEM32\windows.storage.dll
0x00007fffc5f90000 - 0x00007fffc62e4000 	C:\WINDOWS\System32\combase.dll
0x00007fffc47f0000 - 0x00007fffc481e000 	C:\WINDOWS\SYSTEM32\Wldp.dll
0x00007fffc6a90000 - 0x00007fffc6b3d000 	C:\WINDOWS\System32\SHCORE.dll
0x00007fffc76f0000 - 0x00007fffc7745000 	C:\WINDOWS\System32\shlwapi.dll
0x00007fffc4db0000 - 0x00007fffc4dcf000 	C:\WINDOWS\SYSTEM32\profapi.dll
0x00007fffb4e60000 - 0x00007fffb4e79000 	C:\Program Files\Android\Android Studio\jbr\bin\net.dll
0x00007fffb82d0000 - 0x00007fffb83da000 	C:\WINDOWS\SYSTEM32\WINHTTP.dll
0x00007fffc4550000 - 0x00007fffc45ba000 	C:\WINDOWS\system32\mswsock.dll
0x00007fffb4e40000 - 0x00007fffb4e53000 	C:\Program Files\Android\Android Studio\jbr\bin\nio.dll
0x00007fffbcc40000 - 0x00007fffbcc67000 	C:\Users\nabil\.gradle\native\e1d6ef7f7dcc3fd88c89a11ec53ec762bb8ba0a96d01ffa2cd45eb1d1d8dd5c5\windows-amd64\native-platform.dll
0x00007fffa1d40000 - 0x00007fffa1e84000 	C:\Users\nabil\.gradle\native\0d407fdbe67a94daf76414ababcb853783967236a71b16ec16e742cd7a986fd3\windows-amd64\native-platform-file-events.dll
0x00007fffbdd60000 - 0x00007fffbdd6a000 	C:\Program Files\Android\Android Studio\jbr\bin\management.dll
0x00007fffbdcc0000 - 0x00007fffbdccb000 	C:\Program Files\Android\Android Studio\jbr\bin\management_ext.dll
0x00007fffc4750000 - 0x00007fffc4768000 	C:\WINDOWS\SYSTEM32\CRYPTSP.dll
0x00007fffc3e70000 - 0x00007fffc3ea4000 	C:\WINDOWS\system32\rsaenh.dll
0x00007fffc4ff0000 - 0x00007fffc5017000 	C:\WINDOWS\System32\bcrypt.dll
0x00007fffc4d30000 - 0x00007fffc4d5e000 	C:\WINDOWS\SYSTEM32\USERENV.dll
0x00007fffc4740000 - 0x00007fffc474c000 	C:\WINDOWS\SYSTEM32\CRYPTBASE.dll
0x00007fffc4240000 - 0x00007fffc427c000 	C:\WINDOWS\SYSTEM32\IPHLPAPI.DLL
0x00007fffc5f80000 - 0x00007fffc5f88000 	C:\WINDOWS\System32\NSI.dll
0x00007fffb87d0000 - 0x00007fffb87e7000 	C:\WINDOWS\SYSTEM32\dhcpcsvc6.DLL
0x00007fffb8790000 - 0x00007fffb87ad000 	C:\WINDOWS\SYSTEM32\dhcpcsvc.DLL
0x00007fffc4280000 - 0x00007fffc434b000 	C:\WINDOWS\SYSTEM32\DNSAPI.dll
0x00007fffb4770000 - 0x00007fffb4797000 	C:\Program Files\Android\Android Studio\jbr\bin\sunec.dll
0x0000000062100000 - 0x0000000062126000 	C:\Program Files\Bonjour\mdnsNSP.dll
0x00007fffbc4f0000 - 0x00007fffbc4fa000 	C:\Windows\System32\rasadhlp.dll
0x00007fffb34e0000 - 0x00007fffb3562000 	C:\WINDOWS\System32\fwpuclnt.dll
0x00007fffbc9d0000 - 0x00007fffbc9ee000 	C:\Users\nabil\AppData\Local\Temp\native-platform1456935104276973698dir\native-platform.dll
0x00007fffbca40000 - 0x00007fffbca47000 	C:\Program Files\Android\Android Studio\jbr\bin\rmi.dll

dbghelp: loaded successfully - version: 4.0.5 - missing functions: none
symbol engine: initialized successfully - sym options: 0x614 - pdb path: .;C:\Program Files\Android\Android Studio\jbr\bin;C:\WINDOWS\SYSTEM32;C:\WINDOWS\WinSxS\amd64_microsoft.windows.common-controls_6595b64144ccf1df_6.0.19041.1110_none_60b5254171f9507e;C:\Program Files\Android\Android Studio\jbr\bin\server;C:\Users\nabil\.gradle\native\e1d6ef7f7dcc3fd88c89a11ec53ec762bb8ba0a96d01ffa2cd45eb1d1d8dd5c5\windows-amd64;C:\Users\nabil\.gradle\native\0d407fdbe67a94daf76414ababcb853783967236a71b16ec16e742cd7a986fd3\windows-amd64;C:\Program Files\Bonjour;C:\Users\nabil\AppData\Local\Temp\native-platform1456935104276973698dir

VM Arguments:
jvm_args: --add-opens=java.base/java.util=ALL-UNNAMED --add-opens=java.base/java.lang=ALL-UNNAMED --add-opens=java.base/java.lang.invoke=ALL-UNNAMED --add-opens=java.base/java.util=ALL-UNNAMED --add-opens=java.prefs/java.util.prefs=ALL-UNNAMED --add-opens=java.prefs/java.util.prefs=ALL-UNNAMED --add-opens=java.base/java.nio.charset=ALL-UNNAMED --add-opens=java.base/java.net=ALL-UNNAMED --add-opens=java.base/java.util.concurrent.atomic=ALL-UNNAMED -Xmx2048m -Dfile.encoding=UTF-8 -Duser.country=ID -Duser.language=en -Duser.variant 
java_command: org.gradle.launcher.daemon.bootstrap.GradleDaemon 7.5
java_class_path (initial): C:\Users\nabil\.gradle\wrapper\dists\gradle-7.5-bin\f1w0cc9nuo0eivz97x2xlu9sv\gradle-7.5\lib\gradle-launcher-7.5.jar
Launcher Type: SUN_STANDARD

[Global flags]
     intx CICompilerCount                          = 2                                         {product} {ergonomic}
     uint ConcGCThreads                            = 1                                         {product} {ergonomic}
     uint G1ConcRefinementThreads                  = 2                                         {product} {ergonomic}
   size_t G1HeapRegionSize                         = 1048576                                   {product} {ergonomic}
    uintx GCDrainStackTargetSize                   = 64                                        {product} {ergonomic}
   size_t InitialHeapSize                          = 167772160                                 {product} {ergonomic}
   size_t MarkStackSize                            = 4194304                                   {product} {ergonomic}
   size_t MaxHeapSize                              = 2147483648                                {product} {command line}
   size_t MaxNewSize                               = 1287651328                                {product} {ergonomic}
   size_t MinHeapDeltaBytes                        = 1048576                                   {product} {ergonomic}
    uintx NonNMethodCodeHeapSize                   = 5825164                                {pd product} {ergonomic}
    uintx NonProfiledCodeHeapSize                  = 122916538                              {pd product} {ergonomic}
    uintx ProfiledCodeHeapSize                     = 122916538                              {pd product} {ergonomic}
    uintx ReservedCodeCacheSize                    = 251658240                              {pd product} {ergonomic}
     bool SegmentedCodeCache                       = true                                      {product} {ergonomic}
     bool UseCompressedClassPointers               = true                                 {lp64_product} {ergonomic}
     bool UseCompressedOops                        = true                                 {lp64_product} {ergonomic}
     bool UseG1GC                                  = true                                      {product} {ergonomic}
     bool UseLargePagesIndividualAllocation        = false                                  {pd product} {ergonomic}

Logging:
Log output configuration:
 #0: stdout all=warning uptime,level,tags
 #1: stderr all=off uptime,level,tags

Environment Variables:
JAVA_HOME=C:\Program Files\Zulu\zulu-8
PATH=C:\Program Files\Zulu\zulu-8\bin\;C:\Program Files (x86)\Common Files\Intel\Shared Libraries\redist\intel64\compiler;C:\Program Files (x86)\Common Files\Intel\Shared Files\cpp\bin\Intel64;C:\Program Files (x86)\Common Files\Oracle\Java\javapath;C:\Program Files\Java\jdk-16.0.2\bin;C:\WINDOWS.X64_193000_db_home\bin;C:\Users\nabil\AppData\Local\Temp\Temp2_WINDOWS.X64_193000_db_home.zip\bin;C:\WINDOWS\system32;C:\WINDOWS;C:\WINDOWS\System32\Wbem;C:\WINDOWS\System32\WindowsPowerShell\v1.0\;C:\WINDOWS\System32\OpenSSH\;C:\Program Files\Microsoft SQL Server\150\Tools\Binn\;C:\xampp\php;C:\ProgramData\ComposerSetup\bin;C:\Users\nabil\AppData\Local\Programs\Python\Python310\Scripts;C:\Program Files\Git\cmd;C:\Program Files\nodejs;C:\Program Files\PuTTY\;D:\Bangkit\gradle-7.1\bin;C:\Program Files (x86)\HP\Common\HPDestPlgIn\;C:\Program Files (x86)\HP\IdrsOCR_15.3.1129.0\;C:\Program Files\MySQL\MySQL Shell 8.0\bin\;C:\Users\nabil\AppData\Local\Microsoft\WindowsApps;C:\Program Files\JetBrains\IntelliJ IDEA Community Edition 2021.2.3\bin;C:\Users\nabil\AppData\Local\Programs\Microsoft VS Code\bin;C:\Users\nabil\AppData\Local\GitHubDesktop\bin;C:\Users\nabil\AppData\Roaming\Composer\vendor\bin;C:\Users\nabil\AppData\Roaming\npm;C:\Users\nabil\AppData\Local\Programs\MiKTeX\miktex\bin\x64\;C:\Users\nabil\AppData\Local\gitkraken\bin;C:\Program Files\JetBrains\IntelliJ IDEA Community Edition 2022.3.2\bin;;C:\Program Files (x86)\HP\Common\HPDestPlgIn\
USERNAME=nabil
OS=Windows_NT
PROCESSOR_IDENTIFIER=AMD64 Family 23 Model 24 Stepping 1, AuthenticAMD



---------------  S Y S T E M  ---------------

OS: Windows 10 , 64 bit Build 19041 (10.0.19041.2913)
OS uptime: 2 days 23:22 hours

CPU:total 2 (initial active 2) (2 cores per cpu, 1 threads per core) family 23 model 24 stepping 1 microcode 0x0, cmov, cx8, fxsr, mmx, sse, sse2, sse3, ssse3, sse4.1, sse4.2, popcnt, avx, avx2, aes, clmul, mmxext, 3dnowpref, lzcnt, sse4a, tsc, tscinvbit, tscinv, bmi1, bmi2, adx, sha, fma

Memory: 4k page, system-wide physical 10115M (459M free)
TotalPageFile size 18307M (AvailPageFile size 6M)
current process WorkingSet (physical memory assigned to process): 706M, peak: 756M
current process commit charge ("private bytes"): 802M, peak: 815M

vm_info: OpenJDK 64-Bit Server VM (11.0.15+0-b2043.56-8887301) for windows-amd64 JRE (11.0.15+0-b2043.56-8887301), built on Jul 29 2022 23:19:47 by "builduser" with unknown MS VC++:1929

END.
